+-------+-----+-----+-----+-----+-----+--------+-----------------------------------------------+--------+--------+---------+--------+--------+--------+--------+--------+-----------+-----------+------------+-----------+
| COUNT | 1XX | 2XX | 3XX | 4XX | 5XX | METHOD |                      URI                      |  MIN   |  MAX   |   SUM   |  AVG   |  P90   |  P95   |  P99   | STDDEV | MIN(BODY) | MAX(BODY) | SUM(BODY)  | AVG(BODY) |
+-------+-----+-----+-----+-----+-----+--------+-----------------------------------------------+--------+--------+---------+--------+--------+--------+--------+--------+-----------+-----------+------------+-----------+
|     1 |   0 |   0 |   0 |   1 |   0 | POST   | /api/organizer/competition/9fa53d9b/score     | 12.764 | 12.764 |  12.764 | 12.764 | 12.764 | 12.764 | 12.764 |  0.000 |     0.000 |     0.000 |      0.000 |     0.000 |
|    11 |   0 |   0 |   0 |  11 |   0 | GET    | /api/player/competition/9fa53d9b/ranking      | 12.652 | 12.748 | 139.744 | 12.704 | 12.748 | 12.748 | 12.748 |  0.032 |     0.000 |     0.000 |      0.000 |     0.000 |
|     1 |   0 |   0 |   0 |   1 |   0 | GET    | /api/player/player/9fa52d7e                   | 12.680 | 12.680 |  12.680 | 12.680 | 12.680 | 12.680 | 12.680 |  0.000 |     0.000 |     0.000 |      0.000 |     0.000 |
|     1 |   0 |   0 |   0 |   1 |   0 | GET    | /api/player/player/9fa53503                   | 12.656 | 12.656 |  12.656 | 12.656 | 12.656 | 12.656 | 12.656 |  0.000 |     0.000 |     0.000 |      0.000 |     0.000 |
|     1 |   0 |   0 |   0 |   1 |   0 | GET    | /api/player/player/9fa53519                   | 12.508 | 12.508 |  12.508 | 12.508 | 12.508 | 12.508 | 12.508 |  0.000 |     0.000 |     0.000 |      0.000 |     0.000 |
|     1 |   0 |   1 |   0 |   0 |   0 | GET    | /api/player/player/9fa52c69                   | 12.448 | 12.448 |  12.448 | 12.448 | 12.448 | 12.448 | 12.448 |  0.000 |   356.000 |   356.000 |    356.000 |   356.000 |
|     1 |   0 |   1 |   0 |   0 |   0 | POST   | /api/organizer/competition/9fa53520/score     | 12.376 | 12.376 |  12.376 | 12.376 | 12.376 | 12.376 | 12.376 |  0.000 |    54.000 |    54.000 |     54.000 |    54.000 |
|     1 |   0 |   0 |   0 |   1 |   0 | GET    | /api/player/player/9fa52c4e                   | 12.096 | 12.096 |  12.096 | 12.096 | 12.096 | 12.096 | 12.096 |  0.000 |     0.000 |     0.000 |      0.000 |     0.000 |
|     1 |   0 |   0 |   0 |   1 |   0 | GET    | /api/player/player/9fa52d7c                   | 11.884 | 11.884 |  11.884 | 11.884 | 11.884 | 11.884 | 11.884 |  0.000 |     0.000 |     0.000 |      0.000 |     0.000 |
|     1 |   0 |   1 |   0 |   0 |   0 | GET    | /api/player/player/500ed7b4a                  | 11.828 | 11.828 |  11.828 | 11.828 | 11.828 | 11.828 | 11.828 |  0.000 |   686.000 |   686.000 |    686.000 |   686.000 |
|     1 |   0 |   1 |   0 |   0 |   0 | GET    | /api/player/player/c7a79a5a                   | 11.756 | 11.756 |  11.756 | 11.756 | 11.756 | 11.756 | 11.756 |  0.000 |   898.000 |   898.000 |    898.000 |   898.000 |
|     1 |   0 |   1 |   0 |   0 |   0 | GET    | /api/player/player/362c59def                  | 11.592 | 11.592 |  11.592 | 11.592 | 11.592 | 11.592 | 11.592 |  0.000 |   914.000 |   914.000 |    914.000 |   914.000 |
|     1 |   0 |   0 |   0 |   1 |   0 | GET    | /api/player/player/9fa53308                   | 11.460 | 11.460 |  11.460 | 11.460 | 11.460 | 11.460 | 11.460 |  0.000 |     0.000 |     0.000 |      0.000 |     0.000 |
|     1 |   0 |   0 |   0 |   1 |   0 | GET    | /api/player/player/13d9014f5                  | 11.384 | 11.384 |  11.384 | 11.384 | 11.384 | 11.384 | 11.384 |  0.000 |     0.000 |     0.000 |      0.000 |     0.000 |
|    11 |   0 |   9 |   0 |   2 |   0 | GET    | /api/admin/tenants/billing                    |  3.676 | 21.676 | 116.076 | 10.552 | 16.324 | 21.676 | 21.676 |  5.382 |     0.000 |  1576.000 |  13614.000 |  1237.636 |
|     1 |   0 |   1 |   0 |   0 |   0 | GET    | /api/player/competition/2ebdf1447/ranking     |  9.468 |  9.468 |   9.468 |  9.468 |  9.468 |  9.468 |  9.468 |  0.000 | 11005.000 | 11005.000 |  11005.000 | 11005.000 |
|     1 |   0 |   1 |   0 |   0 |   0 | POST   | /api/organizer/competition/9fa52d91/score     |  9.156 |  9.156 |   9.156 |  9.156 |  9.156 |  9.156 |  9.156 |  0.000 |    54.000 |    54.000 |     54.000 |    54.000 |
|     3 |   0 |   2 |   0 |   1 |   0 | GET    | /api/player/player/9fa52d33                   |  0.024 | 12.592 |  24.500 |  8.167 | 12.592 | 12.592 | 12.592 |  5.765 |     0.000 |   372.000 |    649.000 |   216.333 |
|     1 |   0 |   1 |   0 |   0 |   0 | POST   | /api/organizer/competition/9fa52e16/score     |  7.796 |  7.796 |   7.796 |  7.796 |  7.796 |  7.796 |  7.796 |  0.000 |    54.000 |    54.000 |     54.000 |    54.000 |
|     1 |   0 |   1 |   0 |   0 |   0 | POST   | /api/organizer/competition/9fa536b7/score     |  7.784 |  7.784 |   7.784 |  7.784 |  7.784 |  7.784 |  7.784 |  0.000 |    54.000 |    54.000 |     54.000 |    54.000 |
|     1 |   0 |   1 |   0 |   0 |   0 | GET    | /api/player/player/9fa527df                   |  7.772 |  7.772 |   7.772 |  7.772 |  7.772 |  7.772 |  7.772 |  0.000 |   541.000 |   541.000 |    541.000 |   541.000 |
|     1 |   0 |   1 |   0 |   0 |   0 | GET    | /api/player/player/9fa528d7                   |  7.728 |  7.728 |   7.728 |  7.728 |  7.728 |  7.728 |  7.728 |  0.000 |   543.000 |   543.000 |    543.000 |   543.000 |
|     1 |   0 |   1 |   0 |   0 |   0 | GET    | /api/player/player/9fa5297d                   |  7.568 |  7.568 |   7.568 |  7.568 |  7.568 |  7.568 |  7.568 |  0.000 |   776.000 |   776.000 |    776.000 |   776.000 |
|     2 |   0 |   2 |   0 |   0 |   0 | GET    | /api/player/player/9fa52a1b                   |  7.520 |  7.564 |  15.084 |  7.542 |  7.564 |  7.564 |  7.564 |  0.022 |   776.000 |   776.000 |   1552.000 |   776.000 |
|     1 |   0 |   1 |   0 |   0 |   0 | GET    | /api/player/player/9fa52814                   |  7.532 |  7.532 |   7.532 |  7.532 |  7.532 |  7.532 |  7.532 |  0.000 |   543.000 |   543.000 |    543.000 |   543.000 |
|     1 |   0 |   1 |   0 |   0 |   0 | GET    | /api/player/player/9fa5281e                   |  7.512 |  7.512 |   7.512 |  7.512 |  7.512 |  7.512 |  7.512 |  0.000 |   760.000 |   760.000 |    760.000 |   760.000 |
|     1 |   0 |   1 |   0 |   0 |   0 | GET    | /api/player/player/9fa528a7                   |  7.504 |  7.504 |   7.504 |  7.504 |  7.504 |  7.504 |  7.504 |  0.000 |   759.000 |   759.000 |    759.000 |   759.000 |
|     1 |   0 |   1 |   0 |   0 |   0 | POST   | /api/organizer/competition/9fa53e5e/score     |  7.488 |  7.488 |   7.488 |  7.488 |  7.488 |  7.488 |  7.488 |  0.000 |    54.000 |    54.000 |     54.000 |    54.000 |
|     1 |   0 |   1 |   0 |   0 |   0 | GET    | /api/player/player/9fa527db                   |  7.380 |  7.380 |   7.380 |  7.380 |  7.380 |  7.380 |  7.380 |  0.000 |   358.000 |   358.000 |    358.000 |   358.000 |
|     2 |   0 |   2 |   0 |   0 |   0 | GET    | /api/player/player/9fa52a52                   |  6.628 |  7.672 |  14.300 |  7.150 |  7.672 |  7.672 |  7.672 |  0.522 |   469.000 |   559.000 |   1028.000 |   514.000 |
|     2 |   0 |   2 |   0 |   0 |   0 | GET    | /api/player/player/9fa529e9                   |  6.428 |  7.676 |  14.104 |  7.052 |  7.676 |  7.676 |  7.676 |  0.624 |   373.000 |   557.000 |    930.000 |   465.000 |
|     1 |   0 |   1 |   0 |   0 |   0 | GET    | /api/player/player/9fa5280a                   |  6.800 |  6.800 |   6.800 |  6.800 |  6.800 |  6.800 |  6.800 |  0.000 |   760.000 |   760.000 |    760.000 |   760.000 |
|     2 |   0 |   2 |   0 |   0 |   0 | GET    | /api/player/player/9fa52944                   |  6.220 |  7.244 |  13.464 |  6.732 |  7.244 |  7.244 |  7.244 |  0.512 |   674.000 |   775.000 |   1449.000 |   724.500 |
|     2 |   0 |   2 |   0 |   0 |   0 | GET    | /api/player/player/9fa5287c                   |  5.896 |  7.520 |  13.416 |  6.708 |  7.520 |  7.520 |  7.520 |  0.812 |   453.000 |   760.000 |   1213.000 |   606.500 |
|     1 |   0 |   1 |   0 |   0 |   0 | POST   | /api/organizer/competition/9fa5323b/score     |  6.628 |  6.628 |   6.628 |  6.628 |  6.628 |  6.628 |  6.628 |  0.000 |    54.000 |    54.000 |     54.000 |    54.000 |
|     1 |   0 |   1 |   0 |   0 |   0 | GET    | /api/player/player/9fa52a15                   |  6.620 |  6.620 |   6.620 |  6.620 |  6.620 |  6.620 |  6.620 |  0.000 |   776.000 |   776.000 |    776.000 |   776.000 |
|     2 |   0 |   2 |   0 |   0 |   0 | GET    | /api/player/player/9fa52d6d                   |  0.932 | 12.124 |  13.056 |  6.528 | 12.124 | 12.124 | 12.124 |  5.596 |   372.000 |   372.000 |    744.000 |   372.000 |
|    18 |   0 |  18 |   0 |   0 |   0 | GET    | /api/player/competition/9fa53520/ranking      |  0.028 | 12.928 | 116.736 |  6.485 | 12.832 | 12.928 | 12.928 |  6.153 | 13685.000 | 13712.000 | 246371.000 | 13687.278 |
|     2 |   0 |   2 |   0 |   0 |   0 | GET    | /api/player/player/aec44bca                   |  0.024 | 12.796 |  12.820 |  6.410 | 12.796 | 12.796 | 12.796 |  6.386 |   925.000 |  1020.000 |   1945.000 |   972.500 |
|     2 |   0 |   2 |   0 |   0 |   0 | GET    | /api/player/player/1df5f450d                  |  0.012 | 12.544 |  12.556 |  6.278 | 12.544 | 12.544 | 12.544 |  6.266 |   829.000 |  1022.000 |   1851.000 |   925.500 |
|     1 |   0 |   1 |   0 |   0 |   0 | POST   | /api/organizer/competition/9fa53adc/score     |  6.232 |  6.232 |   6.232 |  6.232 |  6.232 |  6.232 |  6.232 |  0.000 |    54.000 |    54.000 |     54.000 |    54.000 |
|     2 |   0 |   2 |   0 |   0 |   0 | GET    | /api/player/player/9fa52d7d                   |  0.092 | 12.340 |  12.432 |  6.216 | 12.340 | 12.340 | 12.340 |  6.124 |   277.000 |   372.000 |    649.000 |   324.500 |
|     2 |   0 |   1 |   0 |   1 |   0 | GET    | /api/player/player/15c6d6383                  |  0.032 | 12.320 |  12.352 |  6.176 | 12.320 | 12.320 | 12.320 |  6.144 |     0.000 |   703.000 |    703.000 |   351.500 |
|     2 |   0 |   1 |   0 |   1 |   0 | GET    | /api/player/player/9fa52c62                   |  0.060 | 12.288 |  12.348 |  6.174 | 12.288 | 12.288 | 12.288 |  6.114 |     0.000 |   356.000 |    356.000 |   178.000 |
|     2 |   0 |   2 |   0 |   0 |   0 | GET    | /api/player/player/9fa528d4                   |  6.104 |  6.232 |  12.336 |  6.168 |  6.232 |  6.232 |  6.232 |  0.064 |   453.000 |   659.000 |   1112.000 |   556.000 |
|     3 |   0 |   3 |   0 |   0 |   0 | GET    | /api/player/player/9fa52878                   |  5.188 |  7.304 |  18.472 |  6.157 |  7.304 |  7.304 |  7.304 |  0.873 |   659.000 |   760.000 |   2078.000 |   692.667 |
|     1 |   0 |   1 |   0 |   0 |   0 | GET    | /api/player/player/9fa52a36                   |  6.144 |  6.144 |   6.144 |  6.144 |  6.144 |  6.144 |  6.144 |  0.000 |   776.000 |   776.000 |    776.000 |   776.000 |
|     2 |   0 |   2 |   0 |   0 |   0 | GET    | /api/player/player/9fa5289f                   |  5.304 |  6.904 |  12.208 |  6.104 |  6.904 |  6.904 |  6.904 |  0.800 |   659.000 |   758.000 |   1417.000 |   708.500 |
|     2 |   0 |   1 |   0 |   1 |   0 | GET    | /api/player/player/3818ad037                  |  0.240 | 11.856 |  12.096 |  6.048 | 11.856 | 11.856 | 11.856 |  5.808 |     0.000 |   813.000 |    813.000 |   406.500 |
|     3 |   0 |   3 |   0 |   0 |   0 | GET    | /api/player/player/9fa52880                   |  5.212 |  7.636 |  18.104 |  6.035 |  7.636 |  7.636 |  7.636 |  1.132 |   453.000 |   760.000 |   1872.000 |   624.000 |
|     1 |   0 |   1 |   0 |   0 |   0 | POST   | /api/organizer/competition/9fa52a5e/score     |  5.932 |  5.932 |   5.932 |  5.932 |  5.932 |  5.932 |  5.932 |  0.000 |    54.000 |    54.000 |     54.000 |    54.000 |
|     2 |   0 |   1 |   0 |   1 |   0 | GET    | /api/player/player/2e68ee915                  |  0.088 | 11.652 |  11.740 |  5.870 | 11.652 | 11.652 | 11.652 |  5.782 |     0.000 |   908.000 |    908.000 |   454.000 |
|     1 |   0 |   1 |   0 |   0 |   0 | GET    | /api/player/player/9fa52a0f                   |  5.796 |  5.796 |   5.796 |  5.796 |  5.796 |  5.796 |  5.796 |  0.000 |   674.000 |   674.000 |    674.000 |   674.000 |
|     2 |   0 |   1 |   0 |   1 |   0 | GET    | /api/player/player/1fc1c4b83                  |  0.084 | 11.356 |  11.440 |  5.720 | 11.356 | 11.356 | 11.356 |  5.636 |     0.000 |   925.000 |    925.000 |   462.500 |
|     1 |   0 |   1 |   0 |   0 |   0 | GET    | /api/player/player/9fa52897                   |  5.648 |  5.648 |   5.648 |  5.648 |  5.648 |  5.648 |  5.648 |  0.000 |   659.000 |   659.000 |    659.000 |   659.000 |
|     2 |   0 |   1 |   0 |   1 |   0 | GET    | /api/player/player/40ba51f6f                  |  0.012 | 11.216 |  11.228 |  5.614 | 11.216 | 11.216 | 11.216 |  5.602 |     0.000 |   797.000 |    797.000 |   398.500 |
|     1 |   0 |   1 |   0 |   0 |   0 | GET    | /api/player/player/9fa527a8                   |  5.612 |  5.612 |   5.612 |  5.612 |  5.612 |  5.612 |  5.612 |  0.000 |   659.000 |   659.000 |    659.000 |   659.000 |
|     2 |   0 |   1 |   0 |   1 |   0 | GET    | /api/player/player/ad597159                   |  0.104 | 11.088 |  11.192 |  5.596 | 11.088 | 11.088 | 11.088 |  5.492 |     0.000 |   815.000 |    815.000 |   407.500 |
|     1 |   0 |   1 |   0 |   0 |   0 | GET    | /api/player/player/9fa528da                   |  5.392 |  5.392 |   5.392 |  5.392 |  5.392 |  5.392 |  5.392 |  0.000 |   659.000 |   659.000 |    659.000 |   659.000 |
|     1 |   0 |   1 |   0 |   0 |   0 | POST   | /api/organizer/competition/9fa5278b/score     |  5.272 |  5.272 |   5.272 |  5.272 |  5.272 |  5.272 |  5.272 |  0.000 |    54.000 |    54.000 |     54.000 |    54.000 |
|    16 |   0 |  16 |   0 |   0 |   0 | GET    | /api/player/competition/9fa53e5e/ranking      |  0.020 |  7.652 |  83.584 |  5.224 |  7.648 |  7.652 |  7.652 |  3.499 | 13530.000 | 13530.000 | 216480.000 | 13530.000 |
|     3 |   0 |   3 |   0 |   0 |   0 | GET    | /api/player/player/9fa527e3                   |  0.004 |  7.796 |  15.092 |  5.031 |  7.796 |  7.796 |  7.796 |  3.560 |   543.000 |   543.000 |   1629.000 |   543.000 |
|     1 |   0 |   1 |   0 |   0 |   0 | GET    | /api/player/player/9fa528f0                   |  4.964 |  4.964 |   4.964 |  4.964 |  4.964 |  4.964 |  4.964 |  0.000 |   657.000 |   657.000 |    657.000 |   657.000 |
|    20 |   0 |  19 |   0 |   1 |   0 | GET    | /api/player/competition/9fa536b7/ranking      |  0.024 |  7.956 |  95.500 |  4.775 |  7.936 |  7.948 |  7.956 |  3.737 |     0.000 | 13583.000 | 258074.000 | 12903.700 |
|     2 |   0 |   2 |   0 |   0 |   0 | GET    | /api/player/player/5cc34d18f                  |  0.136 |  8.748 |   8.884 |  4.442 |  8.748 |  8.748 |  8.748 |  4.306 |   588.000 |   683.000 |   1271.000 |   635.500 |
|    25 |   0 |  24 |   0 |   1 |   0 | GET    | /api/player/competition/9fa5323b/ranking      |  0.020 |  7.628 | 110.372 |  4.415 |  7.512 |  7.528 |  7.628 |  3.203 |     0.000 | 13640.000 | 325120.000 | 13004.800 |
|     3 |   0 |   2 |   0 |   1 |   0 | GET    | /api/player/player/9fa52908                   |  1.236 |  6.148 |  13.080 |  4.360 |  6.148 |  6.148 |  6.148 |  2.217 |     0.000 |   659.000 |   1112.000 |   370.667 |
|     4 |   0 |   3 |   0 |   1 |   0 | GET    | /api/player/player/9fa52a21                   |  0.016 |  7.580 |  16.044 |  4.011 |  7.580 |  7.580 |  7.580 |  3.535 |     0.000 |   776.000 |   1894.000 |   473.500 |
|     3 |   0 |   2 |   0 |   1 |   0 | GET    | /api/player/competition/33e795195/ranking     |  0.380 | 10.696 |  12.024 |  4.008 | 10.696 | 10.696 | 10.696 |  4.735 |     0.000 |  6552.000 |  10937.000 |  3645.667 |
|     3 |   0 |   2 |   0 |   1 |   0 | GET    | /api/player/player/aa01e1e4                   |  0.152 | 11.144 |  11.840 |  3.947 | 11.144 | 11.144 | 11.144 |  5.092 |     0.000 |   911.000 |   1727.000 |   575.667 |
|    30 |   0 |  30 |   0 |   0 |   0 | GET    | /api/player/competition/9fa52d91/ranking      |  0.028 | 12.768 | 118.384 |  3.946 |  9.408 |  9.500 | 12.768 |  4.666 | 13807.000 | 13862.000 | 414348.000 | 13811.600 |
|     2 |   0 |   2 |   0 |   0 |   0 | GET    | /api/player/player/9fa527c6                   |  0.056 |  7.800 |   7.856 |  3.928 |  7.800 |  7.800 |  7.800 |  3.872 |   358.000 |   543.000 |    901.000 |   450.500 |
|     2 |   0 |   1 |   0 |   1 |   0 | GET    | /api/player/player/9fa52a4c                   |  1.240 |  6.612 |   7.852 |  3.926 |  6.612 |  6.612 |  6.612 |  2.686 |     0.000 |   468.000 |    468.000 |   234.000 |
|     2 |   0 |   2 |   0 |   0 |   0 | GET    | /api/player/player/9fa52a13                   |  7.824 |  7.824 |   7.824 |  3.912 |  7.824 |  7.824 |  7.824 |  3.912 |   282.000 |   373.000 |    655.000 |   327.500 |
|     3 |   0 |   3 |   0 |   0 |   0 | GET    | /api/player/player/1c7493154                  |  0.048 | 11.600 |  11.708 |  3.903 | 11.600 | 11.600 | 11.600 |  5.443 |   927.000 |  1022.000 |   2971.000 |   990.333 |
|     2 |   0 |   2 |   0 |   0 |   0 | GET    | /api/player/player/9fa528ac                   |  7.784 |  7.784 |   7.784 |  3.892 |  7.784 |  7.784 |  7.784 |  3.892 |   357.000 |   542.000 |    899.000 |   449.500 |
|     8 |   0 |   8 |   0 |   0 |   0 | POST   | /api/organizer/players/add                    |  2.760 |  4.948 |  31.048 |  3.881 |  4.948 |  4.948 |  4.948 |  0.876 | 12150.000 | 22460.000 | 141827.000 | 17728.375 |
|     7 |   0 |   7 |   0 |   0 |   0 | GET    | /api/player/competition/23c568e63/ranking     |  0.044 | 12.944 |  25.804 |  3.686 | 12.944 | 12.944 | 12.944 |  5.695 |  4343.000 | 11135.000 |  66660.000 |  9522.857 |
|     2 |   0 |   1 |   0 |   1 |   0 | GET    | /api/player/player/9fa52a24                   |  1.092 |  6.268 |   7.360 |  3.680 |  6.268 |  6.268 |  6.268 |  2.588 |     0.000 |   776.000 |    776.000 |   388.000 |
|    28 |   0 |  27 |   0 |   1 |   0 | GET    | /api/player/competition/9fa52e16/ranking      |  0.024 |  7.944 | 102.296 |  3.653 |  7.912 |  7.944 |  7.944 |  3.793 |     0.000 | 13765.000 | 367462.000 | 13123.643 |
|     2 |   0 |   2 |   0 |   0 |   0 | GET    | /api/player/player/9fa527b1                   |  0.032 |  7.192 |   7.224 |  3.612 |  7.192 |  7.192 |  7.192 |  3.580 |   543.000 |   543.000 |   1086.000 |   543.000 |
|     2 |   0 |   1 |   0 |   1 |   0 | GET    | /api/player/player/9fa52895                   |  0.448 |  6.776 |   7.224 |  3.612 |  6.776 |  6.776 |  6.776 |  3.164 |     0.000 |   760.000 |    760.000 |   380.000 |
|     2 |   0 |   2 |   0 |   0 |   0 | GET    | /api/player/player/9fa52a11                   |  0.192 |  7.008 |   7.200 |  3.600 |  7.008 |  7.008 |  7.008 |  3.408 |   675.000 |   776.000 |   1451.000 |   725.500 |
|     1 |   0 |   1 |   0 |   0 |   0 | POST   | /initialize                                   |  3.536 |  3.536 |   3.536 |  3.536 |  3.536 |  3.536 |  3.536 |  0.000 |    55.000 |    55.000 |     55.000 |    55.000 |
|    35 |   0 |  34 |   0 |   1 |   0 | GET    | /api/player/competition/9fa52a5e/ranking      |  0.016 |  7.808 | 123.196 |  3.520 |  7.520 |  7.524 |  7.808 |  3.173 |     0.000 | 13628.000 | 463203.000 | 13234.371 |
|     2 |   0 |   2 |   0 |   0 |   0 | GET    | /api/player/player/9fa52a4e                   |  0.224 |  6.800 |   7.024 |  3.512 |  6.800 |  6.800 |  6.800 |  3.288 |   559.000 |   776.000 |   1335.000 |   667.500 |
|    21 |   0 |  20 |   0 |   1 |   0 | GET    | /api/player/competition/9fa53adc/ranking      |  0.024 |  6.504 |  72.428 |  3.449 |  6.456 |  6.472 |  6.504 |  3.099 |     0.000 | 13703.000 | 271789.000 | 12942.333 |
|     2 |   0 |   2 |   0 |   0 |   0 | GET    | /api/player/player/9fa52822                   |  0.092 |  6.704 |   6.796 |  3.398 |  6.704 |  6.704 |  6.704 |  3.306 |   453.000 |   543.000 |    996.000 |   498.000 |
|     2 |   0 |   2 |   0 |   0 |   0 | GET    | /api/player/player/9fa529b5                   |  0.016 |  6.572 |   6.588 |  3.294 |  6.572 |  6.572 |  6.572 |  3.278 |   559.000 |   675.000 |   1234.000 |   617.000 |
|     4 |   0 |   4 |   0 |   0 |   0 | GET    | /api/player/player/9fa527ce                   |  0.004 |  6.340 |  12.720 |  3.180 |  6.340 |  6.340 |  6.340 |  3.107 |   358.000 |   760.000 |   2236.000 |   559.000 |
|     2 |   0 |   2 |   0 |   0 |   0 | GET    | /api/player/player/9fa527f0                   |  6.308 |  6.308 |   6.308 |  3.154 |  6.308 |  6.308 |  6.308 |  3.154 |   543.000 |   659.000 |   1202.000 |   601.000 |
|     3 |   0 |   1 |   0 |   2 |   0 | GET    | /api/player/player/9fa529cf                   |  0.396 |  7.832 |   9.420 |  3.140 |  7.832 |  7.832 |  7.832 |  3.334 |     0.000 |   557.000 |    557.000 |   185.667 |
|     3 |   0 |   3 |   0 |   0 |   0 | GET    | /api/player/player/505aa1900                  |  0.012 |  8.868 |   9.092 |  3.031 |  8.868 |  8.868 |  8.868 |  4.128 |   589.000 |   684.000 |   1957.000 |   652.333 |
|     2 |   0 |   2 |   0 |   0 |   0 | POST   | /api/organizer/competition/9fa52525/score     |  2.100 |  3.868 |   5.968 |  2.984 |  3.868 |  3.868 |  3.868 |  0.884 |    53.000 |    53.000 |    106.000 |    53.000 |
|     2 |   0 |   2 |   0 |   0 |   0 | GET    | /api/player/player/9fa5296c                   |  0.012 |  5.928 |   5.940 |  2.970 |  5.928 |  5.928 |  5.928 |  2.958 |   673.000 |   774.000 |   1447.000 |   723.500 |
|    34 |   0 |  33 |   0 |   1 |   0 | GET    | /api/player/competition/9fa5278b/ranking      |  0.016 | 12.708 | 100.912 |  2.968 |  8.272 | 11.380 | 12.708 |  3.646 |     0.000 | 12793.000 | 407168.000 | 11975.529 |
|     2 |   0 |   2 |   0 |   0 |   0 | GET    | /api/player/player/9fa52a2e                   |  0.132 |  5.780 |   5.912 |  2.956 |  5.780 |  5.780 |  5.780 |  2.824 |   559.000 |   675.000 |   1234.000 |   617.000 |
|     2 |   0 |   2 |   0 |   0 |   0 | GET    | /api/player/player/9fa52835                   |  0.012 |  5.892 |   5.904 |  2.952 |  5.892 |  5.892 |  5.892 |  2.940 |   266.000 |   659.000 |    925.000 |   462.500 |
|     4 |   0 |   4 |   0 |   0 |   0 | GET    | /api/player/player/9fa5285c                   |  0.004 |  5.848 |  11.656 |  2.914 |  5.848 |  5.848 |  5.848 |  2.876 |   358.000 |   453.000 |   1717.000 |   429.250 |
|     2 |   0 |   2 |   0 |   0 |   0 | GET    | /api/player/player/9fa52981                   |  0.200 |  5.376 |   5.576 |  2.788 |  5.376 |  5.376 |  5.376 |  2.588 |   558.000 |   673.000 |   1231.000 |   615.500 |
|     1 |   0 |   1 |   0 |   0 |   0 | POST   | /api/organizer/competition/9fa5365f/score     |  2.728 |  2.728 |   2.728 |  2.728 |  2.728 |  2.728 |  2.728 |  0.000 |    53.000 |    53.000 |     53.000 |    53.000 |
|     3 |   0 |   3 |   0 |   0 |   0 | GET    | /api/player/player/1c5753489                  |  0.008 |  8.148 |   8.168 |  2.723 |  8.148 |  8.148 |  8.148 |  3.836 |   825.000 |   923.000 |   2573.000 |   857.667 |
|     2 |   0 |   2 |   0 |   0 |   0 | POST   | /api/organizer/competition/9fa52d90/score     |  2.328 |  3.052 |   5.380 |  2.690 |  3.052 |  3.052 |  3.052 |  0.362 |    54.000 |    54.000 |    108.000 |    54.000 |
|     3 |   0 |   3 |   0 |   0 |   0 | GET    | /api/player/player/9fa528cd                   |  0.004 |  7.820 |   7.860 |  2.620 |  7.820 |  7.820 |  7.820 |  3.677 |   453.000 |   760.000 |   1756.000 |   585.333 |
|     2 |   0 |   2 |   0 |   0 |   0 | POST   | /api/organizer/competition/9fa53cc4/score     |  2.468 |  2.768 |   5.236 |  2.618 |  2.768 |  2.768 |  2.768 |  0.150 |    54.000 |    54.000 |    108.000 |    54.000 |
|     2 |   0 |   2 |   0 |   0 |   0 | POST   | /api/organizer/competition/9fa53f79/score     |  2.500 |  2.728 |   5.228 |  2.614 |  2.728 |  2.728 |  2.728 |  0.114 |    54.000 |    54.000 |    108.000 |    54.000 |
|     3 |   0 |   3 |   0 |   0 |   0 | POST   | /api/organizer/competition/9fa52409/score     |  1.888 |  3.884 |   7.812 |  2.604 |  3.884 |  3.884 |  3.884 |  0.907 |    54.000 |    54.000 |    162.000 |    54.000 |
|     3 |   0 |   3 |   0 |   0 |   0 | GET    | /api/player/player/9fa52a02                   |  0.128 |  7.372 |   7.724 |  2.575 |  7.372 |  7.372 |  7.372 |  3.392 |   374.000 |   776.000 |   1926.000 |   642.000 |
|     3 |   0 |   3 |   0 |   0 |   0 | GET    | /api/player/player/9fa5291e                   |  0.004 |  7.136 |   7.452 |  2.484 |  7.136 |  7.136 |  7.136 |  3.292 |   374.000 |   775.000 |   1823.000 |   607.667 |
|     2 |   0 |   2 |   0 |   0 |   0 | POST   | /api/organizer/competition/9fa535e9/score     |  2.444 |  2.516 |   4.960 |  2.480 |  2.516 |  2.516 |  2.516 |  0.036 |    54.000 |    54.000 |    108.000 |    54.000 |
|     2 |   0 |   2 |   0 |   0 |   0 | POST   | /api/organizer/competition/9fa52af4/score     |  2.244 |  2.712 |   4.956 |  2.478 |  2.712 |  2.712 |  2.712 |  0.234 |    54.000 |    54.000 |    108.000 |    54.000 |
|     2 |   0 |   2 |   0 |   0 |   0 | POST   | /api/organizer/competition/9fa53285/score     |  2.312 |  2.400 |   4.712 |  2.356 |  2.400 |  2.400 |  2.400 |  0.044 |    54.000 |    54.000 |    108.000 |    54.000 |
|     2 |   0 |   2 |   0 |   0 |   0 | POST   | /api/organizer/competition/9fa5278c/score     |  2.192 |  2.264 |   4.456 |  2.228 |  2.264 |  2.264 |  2.264 |  0.036 |    53.000 |    53.000 |    106.000 |    53.000 |
|     3 |   0 |   3 |   0 |   0 |   0 | GET    | /api/player/player/9fa52a40                   |  0.172 |  6.220 |   6.604 |  2.201 |  6.220 |  6.220 |  6.220 |  2.842 |   675.000 |   776.000 |   2126.000 |   708.667 |
|     3 |   0 |   2 |   0 |   1 |   0 | GET    | /api/player/player/9fa528a9                   |  0.004 |  5.396 |   6.436 |  2.145 |  5.396 |  5.396 |  5.396 |  2.337 |     0.000 |   659.000 |   1112.000 |   370.667 |
|     3 |   0 |   3 |   0 |   0 |   0 | GET    | /api/player/player/9fa528ca                   |  0.024 |  5.900 |   6.104 |  2.035 |  5.900 |  5.900 |  5.900 |  2.734 |   266.000 |   659.000 |   1584.000 |   528.000 |
|     3 |   0 |   2 |   0 |   1 |   0 | GET    | /api/player/player/9fa528b3                   |  0.004 |  5.904 |   5.984 |  1.995 |  5.904 |  5.904 |  5.904 |  2.764 |     0.000 |   659.000 |   1318.000 |   439.333 |
|     1 |   0 |   1 |   0 |   0 |   0 | POST   | /api/organizer/competition/9fa53c7a/score     |  1.960 |  1.960 |   1.960 |  1.960 |  1.960 |  1.960 |  1.960 |  0.000 |    53.000 |    53.000 |     53.000 |    53.000 |
|     1 |   0 |   1 |   0 |   0 |   0 | POST   | /api/organizer/competition/9fa53367/score     |  1.944 |  1.944 |   1.944 |  1.944 |  1.944 |  1.944 |  1.944 |  0.000 |    53.000 |    53.000 |     53.000 |    53.000 |
|     1 |   0 |   1 |   0 |   0 |   0 | POST   | /api/organizer/competition/9fa5317e/score     |  1.920 |  1.920 |   1.920 |  1.920 |  1.920 |  1.920 |  1.920 |  0.000 |    53.000 |    53.000 |     53.000 |    53.000 |
|     3 |   0 |   3 |   0 |   0 |   0 | GET    | /api/player/player/9fa528be                   |  0.008 |  5.348 |   5.428 |  1.809 |  5.348 |  5.348 |  5.348 |  2.502 |   266.000 |   453.000 |   1077.000 |   359.000 |
|     2 |   0 |   2 |   0 |   0 |   0 | POST   | /api/organizer/competition/9fa53119/score     |  1.716 |  1.872 |   3.588 |  1.794 |  1.872 |  1.872 |  1.872 |  0.078 |    54.000 |    54.000 |    108.000 |    54.000 |
|     2 |   0 |   2 |   0 |   0 |   0 | POST   | /api/organizer/competition/9fa53994/score     |  1.632 |  1.900 |   3.532 |  1.766 |  1.900 |  1.900 |  1.900 |  0.134 |    54.000 |    54.000 |    108.000 |    54.000 |
|     3 |   0 |   3 |   0 |   0 |   0 | GET    | /api/player/player/9fa529d3                   |  0.012 |  5.188 |   5.260 |  1.753 |  5.188 |  5.188 |  5.188 |  2.429 |   282.000 |   675.000 |   1632.000 |   544.000 |
|     4 |   0 |   3 |   0 |   1 |   0 | GET    | /api/player/player/9fa52a56                   |  0.016 |  6.324 |   6.868 |  1.717 |  6.324 |  6.324 |  6.324 |  2.667 |     0.000 |   776.000 |   1709.000 |   427.250 |
|     1 |   0 |   1 |   0 |   0 |   0 | POST   | /api/organizer/competition/9fa52a85/score     |  1.648 |  1.648 |   1.648 |  1.648 |  1.648 |  1.648 |  1.648 |  0.000 |    53.000 |    53.000 |     53.000 |    53.000 |
|     5 |   0 |   5 |   0 |   0 |   0 | GET    | /api/player/player/9fa52941                   |  0.004 |  7.512 |   7.608 |  1.522 |  7.512 |  7.512 |  7.512 |  2.995 |   559.000 |   776.000 |   3345.000 |   669.000 |
|    11 |   0 |  11 |   0 |   0 |   0 | GET    | /api/player/competition/9fa52525/ranking      |  0.008 |  3.888 |  15.644 |  1.422 |  3.888 |  3.888 |  3.888 |  1.861 | 14313.000 | 14314.000 | 157453.000 | 14313.909 |
|     1 |   0 |   1 |   0 |   0 |   0 | POST   | /api/organizer/competition/9fa52cbd/score     |  1.332 |  1.332 |   1.332 |  1.332 |  1.332 |  1.332 |  1.332 |  0.000 |    53.000 |    53.000 |     53.000 |    53.000 |
|     1 |   0 |   0 |   0 |   1 |   0 | POST   | /api/organizer/competition/9fa54343/score     |  1.316 |  1.316 |   1.316 |  1.316 |  1.316 |  1.316 |  1.316 |  0.000 |     0.000 |     0.000 |      0.000 |     0.000 |
|     5 |   0 |   5 |   0 |   0 |   0 | GET    | /api/player/player/9fa52899                   |  0.004 |  6.048 |   6.468 |  1.294 |  6.048 |  6.048 |  6.048 |  2.380 |   358.000 |   760.000 |   2588.000 |   517.600 |
|    11 |   0 |   0 |   0 |  11 |   0 | GET    | /api/player/competition/9fa54343/ranking      |  1.228 |  1.316 |  13.964 |  1.269 |  1.304 |  1.316 |  1.316 |  0.028 |     0.000 |     0.000 |      0.000 |     0.000 |
|     1 |   0 |   0 |   0 |   1 |   0 | GET    | /api/player/player/9fa528e2                   |  1.260 |  1.260 |   1.260 |  1.260 |  1.260 |  1.260 |  1.260 |  0.000 |     0.000 |     0.000 |      0.000 |     0.000 |
|     1 |   0 |   0 |   0 |   1 |   0 | GET    | /api/player/player/9fa52873                   |  1.188 |  1.188 |   1.188 |  1.188 |  1.188 |  1.188 |  1.188 |  0.000 |     0.000 |     0.000 |      0.000 |     0.000 |
|     1 |   0 |   1 |   0 |   0 |   0 | POST   | /api/organizer/competition/9fa53a70/score     |  1.188 |  1.188 |   1.188 |  1.188 |  1.188 |  1.188 |  1.188 |  0.000 |    53.000 |    53.000 |     53.000 |    53.000 |
|     1 |   0 |   1 |   0 |   0 |   0 | POST   | /api/organizer/competition/9fa52fb2/score     |  1.148 |  1.148 |   1.148 |  1.148 |  1.148 |  1.148 |  1.148 |  0.000 |    53.000 |    53.000 |     53.000 |    53.000 |
|     2 |   0 |   1 |   0 |   1 |   0 | POST   | /api/organizer/competition/9fa542b9/score     |  0.824 |  1.376 |   2.200 |  1.100 |  1.376 |  1.376 |  1.376 |  0.276 |     0.000 |    53.000 |     53.000 |    26.500 |
|     1 |   0 |   1 |   0 |   0 |   0 | GET    | /api/player/player/9fa52c5e                   |  1.012 |  1.012 |   1.012 |  1.012 |  1.012 |  1.012 |  1.012 |  0.000 |   356.000 |   356.000 |    356.000 |   356.000 |
|     1 |   0 |   1 |   0 |   0 |   0 | POST   | /api/organizer/competition/9fa53ab1/score     |  1.004 |  1.004 |   1.004 |  1.004 |  1.004 |  1.004 |  1.004 |  0.000 |    53.000 |    53.000 |     53.000 |    53.000 |
|     1 |   0 |   0 |   0 |   1 |   0 | GET    | /api/player/player/9fa52827                   |  0.976 |  0.976 |   0.976 |  0.976 |  0.976 |  0.976 |  0.976 |  0.000 |     0.000 |     0.000 |      0.000 |     0.000 |
|     1 |   0 |   1 |   0 |   0 |   0 | GET    | /api/player/player/1661b1c20                  |  0.912 |  0.912 |   0.912 |  0.912 |  0.912 |  0.912 |  0.912 |  0.000 |  1018.000 |  1018.000 |   1018.000 |  1018.000 |
|     1 |   0 |   0 |   0 |   1 |   0 | GET    | /api/player/player/9fa52a4a                   |  0.904 |  0.904 |   0.904 |  0.904 |  0.904 |  0.904 |  0.904 |  0.000 |     0.000 |     0.000 |      0.000 |     0.000 |
|     1 |   0 |   0 |   0 |   1 |   0 | POST   | /api/organizer/competition/9fa54364/score     |  0.896 |  0.896 |   0.896 |  0.896 |  0.896 |  0.896 |  0.896 |  0.000 |     0.000 |     0.000 |      0.000 |     0.000 |
|     1 |   0 |   0 |   0 |   1 |   0 | GET    | /api/player/player/9fa52959                   |  0.808 |  0.808 |   0.808 |  0.808 |  0.808 |  0.808 |  0.808 |  0.000 |     0.000 |     0.000 |      0.000 |     0.000 |
|     1 |   0 |   1 |   0 |   0 |   0 | GET    | /api/player/player/9fa52d71                   |  0.740 |  0.740 |   0.740 |  0.740 |  0.740 |  0.740 |  0.740 |  0.000 |   372.000 |   372.000 |    372.000 |   372.000 |
|     1 |   0 |   1 |   0 |   0 |   0 | POST   | /api/organizer/competition/9fa53ec7/score     |  0.740 |  0.740 |   0.740 |  0.740 |  0.740 |  0.740 |  0.740 |  0.000 |    53.000 |    53.000 |     53.000 |    53.000 |
|     1 |   0 |   1 |   0 |   0 |   0 | GET    | /api/player/player/10c41b4e1                  |  0.700 |  0.700 |   0.700 |  0.700 |  0.700 |  0.700 |  0.700 |  0.000 |  1028.000 |  1028.000 |   1028.000 |  1028.000 |
|     1 |   0 |   1 |   0 |   0 |   0 | GET    | /api/player/player/9fa53456                   |  0.604 |  0.604 |   0.604 |  0.604 |  0.604 |  0.604 |  0.604 |  0.000 |   274.000 |   274.000 |    274.000 |   274.000 |
|     1 |   0 |   1 |   0 |   0 |   0 | GET    | /api/player/player/611ab1b30                  |  0.584 |  0.584 |   0.584 |  0.584 |  0.584 |  0.584 |  0.584 |  0.000 |   577.000 |   577.000 |    577.000 |   577.000 |
|     2 |   0 |   1 |   0 |   1 |   0 | GET    | /api/player/player/9fa52915                   |  0.004 |  1.152 |   1.156 |  0.578 |  1.152 |  1.152 |  1.152 |  0.574 |     0.000 |   374.000 |    374.000 |   187.000 |
|     2 |   0 |   1 |   0 |   1 |   0 | GET    | /api/player/player/9fa52a44                   |  0.004 |  1.120 |   1.124 |  0.562 |  1.120 |  1.120 |  1.120 |  0.558 |     0.000 |   374.000 |    374.000 |   187.000 |
|     1 |   0 |   1 |   0 |   0 |   0 | GET    | /api/player/player/9fa532d5                   |  0.548 |  0.548 |   0.548 |  0.548 |  0.548 |  0.548 |  0.548 |  0.000 |   258.000 |   258.000 |    258.000 |   258.000 |
|    29 |   0 |  29 |   0 |   0 |   0 | GET    | /api/player/competition/9fa52cbd/ranking      |  0.012 |  1.408 |  15.628 |  0.539 |  1.396 |  1.404 |  1.408 |  0.655 |   610.000 |  6470.000 | 177753.000 |  6129.414 |
|     2 |   0 |   2 |   0 |   0 |   0 | GET    | /api/player/player/9fa52d50                   |  0.020 |  1.044 |   1.064 |  0.532 |  1.044 |  1.044 |  1.044 |  0.512 |   277.000 |   372.000 |    649.000 |   324.500 |
|     1 |   0 |   1 |   0 |   0 |   0 | POST   | /api/organizer/competition/9fa5413c/score     |  0.508 |  0.508 |   0.508 |  0.508 |  0.508 |  0.508 |  0.508 |  0.000 |    53.000 |    53.000 |     53.000 |    53.000 |
|    24 |   0 |  24 |   0 |   0 |   0 | GET    | /api/player/competition/9fa53ab1/ranking      |  0.012 |  1.040 |  11.376 |  0.474 |  1.028 |  1.032 |  1.040 |  0.494 |  5736.000 |  6029.000 | 144401.000 |  6016.708 |
|     1 |   0 |   1 |   0 |   0 |   0 | GET    | /api/player/player/9fa52cf4                   |  0.468 |  0.468 |   0.468 |  0.468 |  0.468 |  0.468 |  0.468 |  0.000 |   356.000 |   356.000 |    356.000 |   356.000 |
|     3 |   0 |   2 |   0 |   1 |   0 | GET    | /api/player/player/9fa52991                   |  0.004 |  1.272 |   1.356 |  0.452 |  1.272 |  1.272 |  1.272 |  0.581 |     0.000 |   674.000 |   1142.000 |   380.667 |
|     2 |   0 |   2 |   0 |   0 |   0 | GET    | /api/player/player/2d312cfdf                  |  0.092 |  0.756 |   0.848 |  0.424 |  0.756 |  0.756 |  0.756 |  0.332 |   822.000 |  1015.000 |   1837.000 |   918.500 |
|     1 |   0 |   1 |   0 |   0 |   0 | GET    | /api/player/player/22348fb24                  |  0.412 |  0.412 |   0.412 |  0.412 |  0.412 |  0.412 |  0.412 |  0.000 |   916.000 |   916.000 |    916.000 |   916.000 |
|     5 |   0 |   3 |   0 |   2 |   0 | GET    | /api/player/player/9fa52970                   |  0.016 |  1.004 |   2.040 |  0.408 |  1.004 |  1.004 |  1.004 |  0.468 |     0.000 |   559.000 |   1310.000 |   262.000 |
|     2 |   0 |   2 |   0 |   0 |   0 | POST   | /api/organizer/competition/9fa53adb/score     |  0.312 |  0.492 |   0.804 |  0.402 |  0.492 |  0.492 |  0.492 |  0.090 |    53.000 |    53.000 |    106.000 |    53.000 |
|     2 |   0 |   2 |   0 |   0 |   0 | GET    | /api/player/player/304297e6b                  |  0.032 |  0.756 |   0.788 |  0.394 |  0.756 |  0.756 |  0.756 |  0.362 |  1018.000 |  1018.000 |   2036.000 |  1018.000 |
|     1 |   0 |   1 |   0 |   0 |   0 | GET    | /api/player/player/9fa52a46                   |  0.384 |  0.384 |   0.384 |  0.384 |  0.384 |  0.384 |  0.384 |  0.000 |   775.000 |   775.000 |    775.000 |   775.000 |
|     1 |   0 |   1 |   0 |   0 |   0 | GET    | /api/player/player/9fa52d3a                   |  0.376 |  0.376 |   0.376 |  0.376 |  0.376 |  0.376 |  0.376 |  0.000 |   372.000 |   372.000 |    372.000 |   372.000 |
|     1 |   0 |   1 |   0 |   0 |   0 | GET    | /api/player/player/9fa52d8f                   |  0.336 |  0.336 |   0.336 |  0.336 |  0.336 |  0.336 |  0.336 |  0.000 |   372.000 |   372.000 |    372.000 |   372.000 |
|     1 |   0 |   1 |   0 |   0 |   0 | GET    | /api/player/player/9fa52cf0                   |  0.320 |  0.320 |   0.320 |  0.320 |  0.320 |  0.320 |  0.320 |  0.000 |   261.000 |   261.000 |    261.000 |   261.000 |
|     1 |   0 |   1 |   0 |   0 |   0 | GET    | /api/player/player/9fa52967                   |  0.312 |  0.312 |   0.312 |  0.312 |  0.312 |  0.312 |  0.312 |  0.000 |   776.000 |   776.000 |    776.000 |   776.000 |
|     1 |   0 |   1 |   0 |   0 |   0 | GET    | /api/player/player/634daacd2                  |  0.288 |  0.288 |   0.288 |  0.288 |  0.288 |  0.288 |  0.288 |  0.000 |   811.000 |   811.000 |    811.000 |   811.000 |
|     1 |   0 |   1 |   0 |   0 |   0 | POST   | /api/organizer/competition/9fa52d2c/score     |  0.276 |  0.276 |   0.276 |  0.276 |  0.276 |  0.276 |  0.276 |  0.000 |    52.000 |    52.000 |     52.000 |    52.000 |
|     1 |   0 |   1 |   0 |   0 |   0 | GET    | /api/player/player/9fa52887                   |  0.276 |  0.276 |   0.276 |  0.276 |  0.276 |  0.276 |  0.276 |  0.000 |   542.000 |   542.000 |    542.000 |   542.000 |
|     1 |   0 |   1 |   0 |   0 |   0 | GET    | /api/player/player/9fa534fa                   |  0.272 |  0.272 |   0.272 |  0.272 |  0.272 |  0.272 |  0.272 |  0.000 |   274.000 |   274.000 |    274.000 |   274.000 |
|     1 |   0 |   1 |   0 |   0 |   0 | GET    | /api/player/player/13b57b140                  |  0.272 |  0.272 |   0.272 |  0.272 |  0.272 |  0.272 |  0.272 |  0.000 |   923.000 |   923.000 |    923.000 |   923.000 |
|     3 |   0 |   3 |   0 |   0 |   0 | GET    | /api/player/player/35fce08a7                  |  0.016 |  0.748 |   0.804 |  0.268 |  0.748 |  0.748 |  0.748 |  0.340 |   812.000 |   907.000 |   2626.000 |   875.333 |
|     1 |   0 |   1 |   0 |   0 |   0 | POST   | /api/organizer/competition/9fa539f9/score     |  0.256 |  0.256 |   0.256 |  0.256 |  0.256 |  0.256 |  0.256 |  0.000 |    53.000 |    53.000 |     53.000 |    53.000 |
|     3 |   0 |   3 |   0 |   0 |   0 | GET    | /api/player/player/4fa20e92a                  |  0.024 |  0.664 |   0.740 |  0.247 |  0.664 |  0.664 |  0.664 |  0.295 |   693.000 |   786.000 |   2265.000 |   755.000 |
|     1 |   0 |   1 |   0 |   0 |   0 | GET    | /api/player/player/9fa529e5                   |  0.240 |  0.240 |   0.240 |  0.240 |  0.240 |  0.240 |  0.240 |  0.000 |   775.000 |   775.000 |    775.000 |   775.000 |
|     2 |   0 |   1 |   0 |   1 |   0 | GET    | /api/player/player/9fa529db                   |  0.024 |  0.448 |   0.472 |  0.236 |  0.448 |  0.448 |  0.448 |  0.212 |     0.000 |   675.000 |    675.000 |   337.500 |
|     1 |   0 |   1 |   0 |   0 |   0 | GET    | /api/player/player/9fa52c5c                   |  0.228 |  0.228 |   0.228 |  0.228 |  0.228 |  0.228 |  0.228 |  0.000 |   355.000 |   355.000 |    355.000 |   355.000 |
|     4 |   0 |   3 |   0 |   1 |   0 | GET    | /api/player/player/9fa52810                   |  0.040 |  0.400 |   0.900 |  0.225 |  0.400 |  0.400 |  0.400 |  0.162 |     0.000 |   758.000 |   1840.000 |   460.000 |
|     3 |   0 |   2 |   0 |   1 |   0 | GET    | /api/player/player/9fa527b5                   |  0.004 |  0.512 |   0.664 |  0.221 |  0.512 |  0.512 |  0.512 |  0.214 |     0.000 |   453.000 |    906.000 |   302.000 |
|     1 |   0 |   1 |   0 |   0 |   0 | GET    | /api/player/player/9fa52d47                   |  0.208 |  0.208 |   0.208 |  0.208 |  0.208 |  0.208 |  0.208 |  0.000 |   372.000 |   372.000 |    372.000 |   372.000 |
|     1 |   0 |   1 |   0 |   0 |   0 | GET    | /api/player/player/9fa527bd                   |  0.184 |  0.184 |   0.184 |  0.184 |  0.184 |  0.184 |  0.184 |  0.000 |   453.000 |   453.000 |    453.000 |   453.000 |
|     1 |   0 |   1 |   0 |   0 |   0 | GET    | /api/player/player/6355dbf70                  |  0.180 |  0.180 |   0.180 |  0.180 |  0.180 |  0.180 |  0.180 |  0.000 |   681.000 |   681.000 |    681.000 |   681.000 |
|     1 |   0 |   1 |   0 |   0 |   0 | GET    | /api/player/player/9fa5346b                   |  0.176 |  0.176 |   0.176 |  0.176 |  0.176 |  0.176 |  0.176 |  0.000 |   274.000 |   274.000 |    274.000 |   274.000 |
|     2 |   0 |   2 |   0 |   0 |   0 | GET    | /api/player/player/61ee38146                  |  0.156 |  0.184 |   0.340 |  0.170 |  0.184 |  0.184 |  0.184 |  0.014 |  1415.000 |  1415.000 |   2830.000 |  1415.000 |
|     2 |   0 |   2 |   0 |   0 |   0 | GET    | /api/player/player/62468ed2d                  |  0.100 |  0.236 |   0.336 |  0.168 |  0.236 |  0.236 |  0.236 |  0.068 |  1328.000 |  1412.000 |   2740.000 |  1370.000 |
|     1 |   0 |   1 |   0 |   0 |   0 | GET    | /api/player/player/260d86967                  |  0.164 |  0.164 |   0.164 |  0.164 |  0.164 |  0.164 |  0.164 |  0.000 |  2250.000 |  2250.000 |   2250.000 |  2250.000 |
|     2 |   0 |   2 |   0 |   0 |   0 | GET    | /api/player/player/9fa528bb                   |  0.032 |  0.292 |   0.324 |  0.162 |  0.292 |  0.292 |  0.292 |  0.130 |   543.000 |   659.000 |   1202.000 |   601.000 |
|     1 |   0 |   1 |   0 |   0 |   0 | GET    | /api/player/player/63a3eae1e                  |  0.160 |  0.160 |   0.160 |  0.160 |  0.160 |  0.160 |  0.160 |  0.000 |   892.000 |   892.000 |    892.000 |   892.000 |
|     1 |   0 |   0 |   0 |   1 |   0 | GET    | /api/player/player/9fa52a5a                   |  0.160 |  0.160 |   0.160 |  0.160 |  0.160 |  0.160 |  0.160 |  0.000 |     0.000 |     0.000 |      0.000 |     0.000 |
|     4 |   0 |   3 |   0 |   1 |   0 | GET    | /api/player/player/62f7991a8                  |  0.004 |  0.252 |   0.632 |  0.158 |  0.252 |  0.252 |  0.252 |  0.093 |    39.000 |   914.000 |   2779.000 |   694.750 |
|     2 |   0 |   2 |   0 |   0 |   0 | GET    | /api/player/player/23bf2753e                  |  0.036 |  0.280 |   0.316 |  0.158 |  0.280 |  0.280 |  0.280 |  0.122 |   814.000 |   909.000 |   1723.000 |   861.500 |
|     1 |   0 |   1 |   0 |   0 |   0 | GET    | /api/player/player/9fa52ccd                   |  0.152 |  0.152 |   0.152 |  0.152 |  0.152 |  0.152 |  0.152 |  0.000 |   356.000 |   356.000 |    356.000 |   356.000 |
|     2 |   0 |   2 |   0 |   0 |   0 | GET    | /api/player/player/9fa529ba                   |  0.004 |  0.296 |   0.300 |  0.150 |  0.296 |  0.296 |  0.296 |  0.146 |   776.000 |   776.000 |   1552.000 |   776.000 |
|     2 |   0 |   2 |   0 |   0 |   0 | GET    | /api/player/player/3abc89078                  |  0.016 |  0.280 |   0.296 |  0.148 |  0.280 |  0.280 |  0.280 |  0.132 |   721.000 |   913.000 |   1634.000 |   817.000 |
|     2 |   0 |   2 |   0 |   0 |   0 | GET    | /api/player/player/451ec7482                  |  0.060 |  0.236 |   0.296 |  0.148 |  0.236 |  0.236 |  0.236 |  0.088 |   598.000 |   790.000 |   1388.000 |   694.000 |
|     1 |   0 |   1 |   0 |   0 |   0 | GET    | /api/player/player/9fa528e9                   |  0.140 |  0.140 |   0.140 |  0.140 |  0.140 |  0.140 |  0.140 |  0.000 |   452.000 |   452.000 |    452.000 |   452.000 |
|     1 |   0 |   1 |   0 |   0 |   0 | GET    | /api/player/player/4acb915b3                  |  0.140 |  0.140 |   0.140 |  0.140 |  0.140 |  0.140 |  0.140 |  0.000 |  1938.000 |  1938.000 |   1938.000 |  1938.000 |
|     3 |   0 |   3 |   0 |   0 |   0 | GET    | /api/player/player/5730dca3e                  |  0.012 |  0.228 |   0.420 |  0.140 |  0.228 |  0.228 |  0.228 |  0.093 |   489.000 |   682.000 |   1758.000 |   586.000 |
|     3 |   0 |   3 |   0 |   0 |   0 | GET    | /api/player/player/9fa5288b                   |  0.404 |  0.404 |   0.412 |  0.137 |  0.404 |  0.404 |  0.404 |  0.189 |   541.000 |   758.000 |   1956.000 |   652.000 |
|     1 |   0 |   1 |   0 |   0 |   0 | GET    | /api/player/player/1e434e8db                  |  0.128 |  0.128 |   0.128 |  0.128 |  0.128 |  0.128 |  0.128 |  0.000 |  1950.000 |  1950.000 |   1950.000 |  1950.000 |
|     3 |   0 |   3 |   0 |   0 |   0 | GET    | /api/player/player/9fa52d57                   |  0.012 |  0.336 |   0.368 |  0.123 |  0.336 |  0.336 |  0.336 |  0.151 |   277.000 |   372.000 |    926.000 |   308.667 |
|     1 |   0 |   1 |   0 |   0 |   0 | GET    | /api/player/player/62efa288c                  |  0.120 |  0.120 |   0.120 |  0.120 |  0.120 |  0.120 |  0.120 |  0.000 |   685.000 |   685.000 |    685.000 |   685.000 |
|     1 |   0 |   1 |   0 |   0 |   0 | GET    | /api/player/player/298a1e007                  |  0.120 |  0.120 |   0.120 |  0.120 |  0.120 |  0.120 |  0.120 |  0.000 |  2168.000 |  2168.000 |   2168.000 |  2168.000 |
|     1 |   0 |   1 |   0 |   0 |   0 | GET    | /api/player/player/9fa528e0                   |  0.116 |  0.116 |   0.116 |  0.116 |  0.116 |  0.116 |  0.116 |  0.000 |   658.000 |   658.000 |    658.000 |   658.000 |
|     1 |   0 |   1 |   0 |   0 |   0 | GET    | /api/player/player/51b3f4dda                  |  0.116 |  0.116 |   0.116 |  0.116 |  0.116 |  0.116 |  0.116 |  0.000 |   792.000 |   792.000 |    792.000 |   792.000 |
|     4 |   0 |   4 |   0 |   0 |   0 | GET    | /api/player/player/9fa52a19                   |  0.004 |  0.280 |   0.456 |  0.114 |  0.280 |  0.280 |  0.280 |  0.107 |   558.000 |   674.000 |   2464.000 |   616.000 |
|     4 |   0 |   4 |   0 |   0 |   0 | GET    | /api/player/player/572415292                  |  0.012 |  0.172 |   0.440 |  0.110 |  0.172 |  0.172 |  0.172 |  0.063 |   587.000 |   682.000 |   2633.000 |   658.250 |
|     2 |   0 |   2 |   0 |   0 |   0 | GET    | /api/player/player/17f8db2d3                  |  0.096 |  0.120 |   0.216 |  0.108 |  0.120 |  0.120 |  0.120 |  0.012 |  1931.000 |  1931.000 |   3862.000 |  1931.000 |
|     4 |   0 |   3 |   0 |   1 |   0 | GET    | /api/player/player/6390347c4                  |  0.032 |  0.148 |   0.420 |  0.105 |  0.148 |  0.148 |  0.148 |  0.044 |    39.000 |  1080.000 |   3277.000 |   819.250 |
|     1 |   0 |   1 |   0 |   0 |   0 | GET    | /api/player/player/9fa527ca                   |  0.104 |  0.104 |   0.104 |  0.104 |  0.104 |  0.104 |  0.104 |  0.000 |   358.000 |   358.000 |    358.000 |   358.000 |
|     2 |   0 |   2 |   0 |   0 |   0 | GET    | /api/player/player/5a0327db2                  |  0.096 |  0.104 |   0.200 |  0.100 |  0.104 |  0.104 |  0.104 |  0.004 |  1951.000 |  1951.000 |   3902.000 |  1951.000 |
|     1 |   0 |   1 |   0 |   0 |   0 | GET    | /api/player/player/533c169d0                  |  0.100 |  0.100 |   0.100 |  0.100 |  0.100 |  0.100 |  0.100 |  0.000 |   482.000 |   482.000 |    482.000 |   482.000 |
|     1 |   0 |   1 |   0 |   0 |   0 | GET    | /api/player/player/18c74c49c                  |  0.100 |  0.100 |   0.100 |  0.100 |  0.100 |  0.100 |  0.100 |  0.000 |   729.000 |   729.000 |    729.000 |   729.000 |
|     2 |   0 |   2 |   0 |   0 |   0 | GET    | /api/player/player/4430b679a                  |  0.056 |  0.140 |   0.196 |  0.098 |  0.140 |  0.140 |  0.140 |  0.042 |  2050.000 |  2050.000 |   4100.000 |  2050.000 |
|     1 |   0 |   1 |   0 |   0 |   0 | GET    | /api/player/player/9fa52d85                   |  0.096 |  0.096 |   0.096 |  0.096 |  0.096 |  0.096 |  0.096 |  0.000 |   277.000 |   277.000 |    277.000 |   277.000 |
|     1 |   0 |   1 |   0 |   0 |   0 | GET    | /api/player/player/397f86409                  |  0.096 |  0.096 |   0.096 |  0.096 |  0.096 |  0.096 |  0.096 |  0.000 |   908.000 |   908.000 |    908.000 |   908.000 |
|     4 |   0 |   3 |   0 |   1 |   0 | GET    | /api/player/player/61f5b979c                  |  0.004 |  0.124 |   0.336 |  0.084 |  0.124 |  0.124 |  0.124 |  0.048 |    39.000 |   680.000 |   2077.000 |   519.250 |
|     2 |   0 |   2 |   0 |   0 |   0 | GET    | /api/player/player/1954c68dc                  |  0.032 |  0.132 |   0.164 |  0.082 |  0.132 |  0.132 |  0.132 |  0.050 |   793.000 |   793.000 |   1586.000 |   793.000 |
|     1 |   0 |   1 |   0 |   0 |   0 | GET    | /api/player/player/632cb2d9a                  |  0.076 |  0.076 |   0.076 |  0.076 |  0.076 |  0.076 |  0.076 |  0.000 |  1470.000 |  1470.000 |   1470.000 |  1470.000 |
|     3 |   0 |   3 |   0 |   0 |   0 | GET    | /api/player/player/9fa52955                   |  0.032 |  0.100 |   0.216 |  0.072 |  0.100 |  0.100 |  0.100 |  0.029 |   282.000 |   674.000 |   1238.000 |   412.667 |
|     1 |   0 |   1 |   0 |   0 |   0 | GET    | /api/player/player/2806ad6d4                  |  0.072 |  0.072 |   0.072 |  0.072 |  0.072 |  0.072 |  0.072 |  0.000 |  2062.000 |  2062.000 |   2062.000 |  2062.000 |
|     1 |   0 |   1 |   0 |   0 |   0 | GET    | /api/player/player/1612ebc18                  |  0.072 |  0.072 |   0.072 |  0.072 |  0.072 |  0.072 |  0.072 |  0.000 |  1025.000 |  1025.000 |   1025.000 |  1025.000 |
|     1 |   0 |   1 |   0 |   0 |   0 | GET    | /api/player/player/367e235e7                  |  0.072 |  0.072 |   0.072 |  0.072 |  0.072 |  0.072 |  0.072 |  0.000 |  1735.000 |  1735.000 |   1735.000 |  1735.000 |
|     4 |   0 |   3 |   0 |   1 |   0 | GET    | /api/player/player/616e39f7a                  |  0.004 |  0.188 |   0.280 |  0.070 |  0.188 |  0.188 |  0.188 |  0.070 |    39.000 |   989.000 |   3004.000 |   751.000 |
|     1 |   0 |   1 |   0 |   0 |   0 | GET    | /api/player/player/6057c5c8c                  |  0.068 |  0.068 |   0.068 |  0.068 |  0.068 |  0.068 |  0.068 |  0.000 |  1605.000 |  1605.000 |   1605.000 |  1605.000 |
|     2 |   0 |   2 |   0 |   0 |   0 | GET    | /api/player/player/62f3a1797                  |  0.064 |  0.072 |   0.136 |  0.068 |  0.072 |  0.072 |  0.072 |  0.004 |   780.000 |   873.000 |   1653.000 |   826.500 |
|    22 |   0 |  22 |   0 |   0 |   0 | GET    | /api/organizer/billing                        |  0.008 |  0.288 |   1.472 |  0.067 |  0.244 |  0.284 |  0.288 |  0.095 |   323.000 |  3345.000 |  34529.000 |  1569.500 |
|     4 |   0 |   3 |   0 |   1 |   0 | GET    | /api/player/player/62b1bdcb2                  |  0.000 |  0.108 |   0.260 |  0.065 |  0.108 |  0.108 |  0.108 |  0.040 |    39.000 |  1272.000 |   3853.000 |   963.250 |
|     1 |   0 |   1 |   0 |   0 |   0 | GET    | /api/player/player/4fe88fe43                  |  0.064 |  0.064 |   0.064 |  0.064 |  0.064 |  0.064 |  0.064 |  0.000 |  1455.000 |  1455.000 |   1455.000 |  1455.000 |
|     4 |   0 |   4 |   0 |   0 |   0 | GET    | /api/player/player/3f1199edd                  |  0.008 |  0.152 |   0.256 |  0.064 |  0.152 |  0.152 |  0.152 |  0.053 |   605.000 |   703.000 |   2518.000 |   629.500 |
|     1 |   0 |   1 |   0 |   0 |   0 | GET    | /api/player/player/9fa52c53                   |  0.064 |  0.064 |   0.064 |  0.064 |  0.064 |  0.064 |  0.064 |  0.000 |   261.000 |   261.000 |    261.000 |   261.000 |
|     1 |   0 |   1 |   0 |   0 |   0 | GET    | /api/player/player/292e2c642                  |  0.064 |  0.064 |   0.064 |  0.064 |  0.064 |  0.064 |  0.064 |  0.000 |  2026.000 |  2026.000 |   2026.000 |  2026.000 |
|     2 |   0 |   2 |   0 |   0 |   0 | GET    | /api/player/player/17cd7ba4c                  |  0.052 |  0.072 |   0.124 |  0.062 |  0.072 |  0.072 |  0.072 |  0.010 |  1705.000 |  1705.000 |   3410.000 |  1705.000 |
|     4 |   0 |   3 |   0 |   1 |   0 | GET    | /api/player/player/624043837                  |  0.000 |  0.096 |   0.244 |  0.061 |  0.096 |  0.096 |  0.096 |  0.037 |    39.000 |  1216.000 |   3685.000 |   921.250 |
|     1 |   0 |   1 |   0 |   0 |   0 | GET    | /api/player/player/50789fc82                  |  0.060 |  0.060 |   0.060 |  0.060 |  0.060 |  0.060 |  0.060 |  0.000 |   590.000 |   590.000 |    590.000 |   590.000 |
|     1 |   0 |   1 |   0 |   0 |   0 | GET    | /api/player/player/2d30848c2                  |  0.060 |  0.060 |   0.060 |  0.060 |  0.060 |  0.060 |  0.060 |  0.000 |  2143.000 |  2143.000 |   2143.000 |  2143.000 |
|     1 |   0 |   1 |   0 |   0 |   0 | GET    | /api/player/player/49d517383                  |  0.060 |  0.060 |   0.060 |  0.060 |  0.060 |  0.060 |  0.060 |  0.000 |  2042.000 |  2042.000 |   2042.000 |  2042.000 |
|     1 |   0 |   1 |   0 |   0 |   0 | GET    | /api/player/player/44820d3c1                  |  0.060 |  0.060 |   0.060 |  0.060 |  0.060 |  0.060 |  0.060 |  0.000 |  1925.000 |  1925.000 |   1925.000 |  1925.000 |
|     1 |   0 |   1 |   0 |   0 |   0 | GET    | /api/player/player/62462d2a8                  |  0.060 |  0.060 |   0.060 |  0.060 |  0.060 |  0.060 |  0.060 |  0.000 |   479.000 |   479.000 |    479.000 |   479.000 |
|     3 |   0 |   3 |   0 |   0 |   0 | GET    | /api/player/player/284328d57                  |  0.020 |  0.088 |   0.172 |  0.057 |  0.088 |  0.088 |  0.088 |  0.028 |   825.000 |   923.000 |   2671.000 |   890.333 |
|     1 |   0 |   1 |   0 |   0 |   0 | GET    | /api/player/player/43bf65ad7                  |  0.056 |  0.056 |   0.056 |  0.056 |  0.056 |  0.056 |  0.056 |  0.000 |  1834.000 |  1834.000 |   1834.000 |  1834.000 |
|     1 |   0 |   1 |   0 |   0 |   0 | GET    | /api/player/player/295c5e94c                  |  0.056 |  0.056 |   0.056 |  0.056 |  0.056 |  0.056 |  0.056 |  0.000 |  1815.000 |  1815.000 |   1815.000 |  1815.000 |
|     1 |   0 |   1 |   0 |   0 |   0 | GET    | /api/player/player/4de6f3881                  |  0.056 |  0.056 |   0.056 |  0.056 |  0.056 |  0.056 |  0.056 |  0.000 |  1849.000 |  1849.000 |   1849.000 |  1849.000 |
|     1 |   0 |   1 |   0 |   0 |   0 | GET    | /api/player/player/1b6d88387                  |  0.056 |  0.056 |   0.056 |  0.056 |  0.056 |  0.056 |  0.056 |  0.000 |  1845.000 |  1845.000 |   1845.000 |  1845.000 |
|     4 |   0 |   3 |   0 |   1 |   0 | GET    | /api/player/player/6327da9e5                  |  0.004 |  0.104 |   0.224 |  0.056 |  0.104 |  0.104 |  0.104 |  0.035 |    39.000 |   705.000 |   2152.000 |   538.000 |
|     3 |   0 |   3 |   0 |   0 |   0 | GET    | /api/player/player/9fa52c48                   |  0.012 |  0.108 |   0.164 |  0.055 |  0.108 |  0.108 |  0.108 |  0.040 |   261.000 |   356.000 |    878.000 |   292.667 |
|     2 |   0 |   2 |   0 |   0 |   0 | GET    | /api/player/player/1a6a6171b                  |  0.036 |  0.068 |   0.104 |  0.052 |  0.068 |  0.068 |  0.068 |  0.016 |  1844.000 |  1844.000 |   3688.000 |  1844.000 |
|     1 |   0 |   1 |   0 |   0 |   0 | GET    | /api/player/player/1c2d339c7                  |  0.052 |  0.052 |   0.052 |  0.052 |  0.052 |  0.052 |  0.052 |  0.000 |  1912.000 |  1912.000 |   1912.000 |  1912.000 |
|     1 |   0 |   1 |   0 |   0 |   0 | GET    | /api/player/player/9fa52d5b                   |  0.052 |  0.052 |   0.052 |  0.052 |  0.052 |  0.052 |  0.052 |  0.000 |   371.000 |   371.000 |    371.000 |   371.000 |
|     1 |   0 |   1 |   0 |   0 |   0 | GET    | /api/player/player/31e85ffa0                  |  0.052 |  0.052 |   0.052 |  0.052 |  0.052 |  0.052 |  0.052 |  0.000 |  2033.000 |  2033.000 |   2033.000 |  2033.000 |
|     1 |   0 |   1 |   0 |   0 |   0 | GET    | /api/player/player/9fa52c74                   |  0.052 |  0.052 |   0.052 |  0.052 |  0.052 |  0.052 |  0.052 |  0.000 |   356.000 |   356.000 |    356.000 |   356.000 |
|     1 |   0 |   1 |   0 |   0 |   0 | GET    | /api/player/player/54ec2416e                  |  0.052 |  0.052 |   0.052 |  0.052 |  0.052 |  0.052 |  0.052 |  0.000 |  1844.000 |  1844.000 |   1844.000 |  1844.000 |
|     4 |   0 |   3 |   0 |   1 |   0 | GET    | /api/player/player/622d04c25                  |  0.020 |  0.124 |   0.196 |  0.049 |  0.124 |  0.124 |  0.124 |  0.043 |    39.000 |   470.000 |   1447.000 |   361.750 |
|     1 |   0 |   1 |   0 |   0 |   0 | GET    | /api/player/player/476dd8c2b                  |  0.048 |  0.048 |   0.048 |  0.048 |  0.048 |  0.048 |  0.048 |  0.000 |  1593.000 |  1593.000 |   1593.000 |  1593.000 |
|     1 |   0 |   1 |   0 |   0 |   0 | GET    | /api/player/competition/9fa5317e/ranking      |  0.048 |  0.048 |   0.048 |  0.048 |  0.048 |  0.048 |  0.048 |  0.000 | 11276.000 | 11276.000 |  11276.000 | 11276.000 |
|     1 |   0 |   1 |   0 |   0 |   0 | GET    | /api/player/player/19a5551d3                  |  0.048 |  0.048 |   0.048 |  0.048 |  0.048 |  0.048 |  0.048 |  0.000 |   828.000 |   828.000 |    828.000 |   828.000 |
|     1 |   0 |   1 |   0 |   0 |   0 | GET    | /api/player/player/3bb044101                  |  0.048 |  0.048 |   0.048 |  0.048 |  0.048 |  0.048 |  0.048 |  0.000 |   912.000 |   912.000 |    912.000 |   912.000 |
|    11 |   0 |   6 |   0 |   5 |   0 | POST   | /api/admin/tenants/add                        |  0.004 |  0.180 |   0.528 |  0.048 |  0.100 |  0.180 |  0.180 |  0.053 |    39.000 |   194.000 |   1305.000 |   118.636 |
|     3 |   0 |   3 |   0 |   0 |   0 | GET    | /api/player/player/6220c5f9d                  |  0.016 |  0.096 |   0.136 |  0.045 |  0.096 |  0.096 |  0.096 |  0.036 |   381.000 |   574.000 |   1336.000 |   445.333 |
|     1 |   0 |   1 |   0 |   0 |   0 | GET    | /api/player/player/45e8e6758                  |  0.044 |  0.044 |   0.044 |  0.044 |  0.044 |  0.044 |  0.044 |  0.000 |   598.000 |   598.000 |    598.000 |   598.000 |
|     1 |   0 |   1 |   0 |   0 |   0 | GET    | /api/player/player/9fa52857                   |  0.044 |  0.044 |   0.044 |  0.044 |  0.044 |  0.044 |  0.044 |  0.000 |   543.000 |   543.000 |    543.000 |   543.000 |
|     3 |   0 |   3 |   0 |   0 |   0 | GET    | /api/player/player/9fa529fe                   |  0.008 |  0.076 |   0.124 |  0.041 |  0.076 |  0.076 |  0.076 |  0.028 |   559.000 |   776.000 |   2010.000 |   670.000 |
|     1 |   0 |   1 |   0 |   0 |   0 | GET    | /api/player/player/5cc39655f                  |  0.040 |  0.040 |   0.040 |  0.040 |  0.040 |  0.040 |  0.040 |  0.000 |   797.000 |   797.000 |    797.000 |   797.000 |
|     1 |   0 |   1 |   0 |   0 |   0 | GET    | /api/player/player/9fa52974                   |  0.040 |  0.040 |   0.040 |  0.040 |  0.040 |  0.040 |  0.040 |  0.000 |   776.000 |   776.000 |    776.000 |   776.000 |
|     1 |   0 |   1 |   0 |   0 |   0 | GET    | /api/player/player/9fa52d5e                   |  0.040 |  0.040 |   0.040 |  0.040 |  0.040 |  0.040 |  0.040 |  0.000 |   372.000 |   372.000 |    372.000 |   372.000 |
|     1 |   0 |   1 |   0 |   0 |   0 | GET    | /api/player/player/63a810e35                  |  0.040 |  0.040 |   0.040 |  0.040 |  0.040 |  0.040 |  0.040 |  0.000 |  1481.000 |  1481.000 |   1481.000 |  1481.000 |
|     1 |   0 |   1 |   0 |   0 |   0 | GET    | /api/player/player/1cfbd7fe1                  |  0.040 |  0.040 |   0.040 |  0.040 |  0.040 |  0.040 |  0.040 |  0.000 |   715.000 |   715.000 |    715.000 |   715.000 |
|     1 |   0 |   1 |   0 |   0 |   0 | GET    | /api/player/player/40ec264f5                  |  0.040 |  0.040 |   0.040 |  0.040 |  0.040 |  0.040 |  0.040 |  0.000 |  1826.000 |  1826.000 |   1826.000 |  1826.000 |
|     4 |   0 |   3 |   0 |   1 |   0 | GET    | /api/player/player/62bb7cec9                  |  0.004 |  0.056 |   0.152 |  0.038 |  0.056 |  0.056 |  0.056 |  0.020 |    39.000 |   580.000 |   1777.000 |   444.250 |
|     1 |   0 |   1 |   0 |   0 |   0 | GET    | /api/player/player/9fa52c39                   |  0.036 |  0.036 |   0.036 |  0.036 |  0.036 |  0.036 |  0.036 |  0.000 |   261.000 |   261.000 |    261.000 |   261.000 |
|     1 |   0 |   1 |   0 |   0 |   0 | GET    | /api/player/player/9fa52c6f                   |  0.036 |  0.036 |   0.036 |  0.036 |  0.036 |  0.036 |  0.036 |  0.000 |   356.000 |   356.000 |    356.000 |   356.000 |
|     4 |   0 |   3 |   0 |   1 |   0 | GET    | /api/player/competition/9fa53285/ranking      |  0.000 |  0.056 |   0.128 |  0.032 |  0.056 |  0.056 |  0.056 |  0.020 |    39.000 | 14497.000 |  43431.000 | 10857.750 |
|     1 |   0 |   1 |   0 |   0 |   0 | GET    | /api/player/player/9fa52a38                   |  0.032 |  0.032 |   0.032 |  0.032 |  0.032 |  0.032 |  0.032 |  0.000 |   776.000 |   776.000 |    776.000 |   776.000 |
|     1 |   0 |   1 |   0 |   0 |   0 | GET    | /api/player/player/1c32d1967                  |  0.032 |  0.032 |   0.032 |  0.032 |  0.032 |  0.032 |  0.032 |  0.000 |  1092.000 |  1092.000 |   1092.000 |  1092.000 |
|     2 |   0 |   2 |   0 |   0 |   0 | GET    | /api/player/player/41d61ae6a                  |  0.008 |  0.056 |   0.064 |  0.032 |  0.056 |  0.056 |  0.056 |  0.024 |   696.000 |   696.000 |   1392.000 |   696.000 |
|     1 |   0 |   1 |   0 |   0 |   0 | GET    | /api/player/player/9fa52a58                   |  0.032 |  0.032 |   0.032 |  0.032 |  0.032 |  0.032 |  0.032 |  0.000 |   774.000 |   774.000 |    774.000 |   774.000 |
|     1 |   0 |   1 |   0 |   0 |   0 | POST   | /api/organizer/competition/9fa53f79/finish    |  0.032 |  0.032 |   0.032 |  0.032 |  0.032 |  0.032 |  0.032 |  0.000 |    21.000 |    21.000 |     21.000 |    21.000 |
|     4 |   0 |   3 |   0 |   1 |   0 | GET    | /api/player/player/5e60d557c                  |  0.004 |  0.056 |   0.124 |  0.031 |  0.056 |  0.056 |  0.056 |  0.019 |    39.000 |  1734.000 |   5239.000 |  1309.750 |
|     2 |   0 |   2 |   0 |   0 |   0 | GET    | /api/player/player/9fa52996                   |  0.016 |  0.044 |   0.060 |  0.030 |  0.044 |  0.044 |  0.044 |  0.014 |   374.000 |   776.000 |   1150.000 |   575.000 |
|     2 |   0 |   2 |   0 |   0 |   0 | GET    | /api/player/player/9fa52d75                   |  0.012 |  0.048 |   0.060 |  0.030 |  0.048 |  0.048 |  0.048 |  0.018 |   277.000 |   372.000 |    649.000 |   324.500 |
|    40 |   0 |  39 |   0 |   1 |   0 | POST   | /api/organizer/competitions/add               |  0.004 |  0.064 |   1.164 |  0.029 |  0.044 |  0.048 |  0.064 |  0.012 |    39.000 |   188.000 |   6346.000 |   158.650 |
|     4 |   0 |   3 |   0 |   1 |   0 | GET    | /api/player/competition/9fa53cc4/ranking      |  0.004 |  0.040 |   0.112 |  0.028 |  0.040 |  0.040 |  0.040 |  0.014 |    39.000 | 14507.000 |  43461.000 | 10865.250 |
|     1 |   0 |   1 |   0 |   0 |   0 | GET    | /api/player/player/3e42ff4de                  |  0.028 |  0.028 |   0.028 |  0.028 |  0.028 |  0.028 |  0.028 |  0.000 |   693.000 |   693.000 |    693.000 |   693.000 |
|     1 |   0 |   1 |   0 |   0 |   0 | GET    | /api/player/player/9fa52892                   |  0.028 |  0.028 |   0.028 |  0.028 |  0.028 |  0.028 |  0.028 |  0.000 |   542.000 |   542.000 |    542.000 |   542.000 |
|     1 |   0 |   1 |   0 |   0 |   0 | GET    | /api/player/player/635cad8d4                  |  0.028 |  0.028 |   0.028 |  0.028 |  0.028 |  0.028 |  0.028 |  0.000 |   374.000 |   374.000 |    374.000 |   374.000 |
|     1 |   0 |   1 |   0 |   0 |   0 | GET    | /api/player/player/d7eeee56                   |  0.028 |  0.028 |   0.028 |  0.028 |  0.028 |  0.028 |  0.028 |  0.000 |   905.000 |   905.000 |    905.000 |   905.000 |
|     2 |   0 |   2 |   0 |   0 |   0 | GET    | /api/player/player/9fa52c9e                   |  0.012 |  0.044 |   0.056 |  0.028 |  0.044 |  0.044 |  0.044 |  0.016 |   261.000 |   356.000 |    617.000 |   308.500 |
|     3 |   0 |   3 |   0 |   0 |   0 | GET    | /api/player/player/48efdd8fc                  |  0.008 |  0.040 |   0.084 |  0.028 |  0.040 |  0.040 |  0.040 |  0.014 |   602.000 |   700.000 |   2002.000 |   667.333 |
|     4 |   0 |   3 |   0 |   1 |   0 | GET    | /api/player/competition/9fa53119/ranking      |  0.004 |  0.044 |   0.108 |  0.027 |  0.044 |  0.044 |  0.044 |  0.015 |    39.000 | 14492.000 |  43416.000 | 10854.000 |
|     3 |   0 |   3 |   0 |   0 |   0 | GET    | /api/player/player/5d6436f1f                  |  0.016 |  0.044 |   0.080 |  0.027 |  0.044 |  0.044 |  0.044 |  0.012 |   491.000 |   589.000 |   1669.000 |   556.333 |
|     5 |   0 |   5 |   0 |   0 |   0 | GET    | /api/player/player/47c399e2b                  |  0.016 |  0.044 |   0.132 |  0.026 |  0.044 |  0.044 |  0.044 |  0.010 |   593.000 |   691.000 |   3357.000 |   671.400 |
|    22 |   0 |  22 |   0 |   0 |   0 | GET    | /api/player/competition/9fa53c7a/ranking      |  0.012 |  0.056 |   0.544 |  0.025 |  0.040 |  0.052 |  0.056 |  0.012 | 10011.000 | 10011.000 | 220242.000 | 10011.000 |
|     1 |   0 |   1 |   0 |   0 |   0 | GET    | /api/player/player/62df45105                  |  0.024 |  0.024 |   0.024 |  0.024 |  0.024 |  0.024 |  0.024 |  0.000 |   484.000 |   484.000 |    484.000 |   484.000 |
|     1 |   0 |   1 |   0 |   0 |   0 | GET    | /api/player/player/9fa528dc                   |  0.024 |  0.024 |   0.024 |  0.024 |  0.024 |  0.024 |  0.024 |  0.000 |   760.000 |   760.000 |    760.000 |   760.000 |
|     2 |   0 |   2 |   0 |   0 |   0 | GET    | /api/player/competition/9fa542b9/ranking      |  0.020 |  0.028 |   0.048 |  0.024 |  0.028 |  0.028 |  0.028 |  0.004 | 10768.000 | 10768.000 |  21536.000 | 10768.000 |
|     2 |   0 |   2 |   0 |   0 |   0 | GET    | /api/player/player/9fa52852                   |  0.012 |  0.036 |   0.048 |  0.024 |  0.036 |  0.036 |  0.036 |  0.012 |   543.000 |   543.000 |   1086.000 |   543.000 |
|     1 |   0 |   1 |   0 |   0 |   0 | GET    | /api/player/player/53f17c98e                  |  0.024 |  0.024 |   0.024 |  0.024 |  0.024 |  0.024 |  0.024 |  0.000 |   785.000 |   785.000 |    785.000 |   785.000 |
|     1 |   0 |   1 |   0 |   0 |   0 | GET    | /api/player/player/9fa52a30                   |  0.024 |  0.024 |   0.024 |  0.024 |  0.024 |  0.024 |  0.024 |  0.000 |   559.000 |   559.000 |    559.000 |   559.000 |
|     1 |   0 |   1 |   0 |   0 |   0 | GET    | /api/player/player/9fa527a0                   |  0.024 |  0.024 |   0.024 |  0.024 |  0.024 |  0.024 |  0.024 |  0.000 |   543.000 |   543.000 |    543.000 |   543.000 |
|     4 |   0 |   3 |   0 |   1 |   0 | GET    | /api/player/competition/9fa5278c/ranking      |  0.000 |  0.036 |   0.096 |  0.024 |  0.036 |  0.036 |  0.036 |  0.015 |    39.000 | 10930.000 |  32755.000 |  8188.750 |
|     1 |   0 |   1 |   0 |   0 |   0 | GET    | /api/player/competition/9fa52a85/ranking      |  0.024 |  0.024 |   0.024 |  0.024 |  0.024 |  0.024 |  0.024 |  0.000 |  9999.000 |  9999.000 |   9999.000 |  9999.000 |
|     1 |   0 |   1 |   0 |   0 |   0 | GET    | /api/player/player/9fa52ca6                   |  0.024 |  0.024 |   0.024 |  0.024 |  0.024 |  0.024 |  0.024 |  0.000 |   355.000 |   355.000 |    355.000 |   355.000 |
|     1 |   0 |   1 |   0 |   0 |   0 | GET    | /api/player/player/22a46af59                  |  0.024 |  0.024 |   0.024 |  0.024 |  0.024 |  0.024 |  0.024 |  0.000 |   916.000 |   916.000 |    916.000 |   916.000 |
|     1 |   0 |   1 |   0 |   0 |   0 | GET    | /api/player/player/565051b80                  |  0.024 |  0.024 |   0.024 |  0.024 |  0.024 |  0.024 |  0.024 |  0.000 |   576.000 |   576.000 |    576.000 |   576.000 |
|     3 |   0 |   3 |   0 |   0 |   0 | GET    | /api/player/player/d6300072                   |  0.008 |  0.036 |   0.068 |  0.023 |  0.036 |  0.036 |  0.036 |  0.011 |   596.000 |   789.000 |   2079.000 |   693.000 |
|    32 |   0 |  32 |   0 |   0 |   0 | GET    | /api/player/competition/9fa53367/ranking      |  0.012 |  0.048 |   0.708 |  0.022 |  0.036 |  0.048 |  0.048 |  0.009 |  8484.000 |  8484.000 | 271488.000 |  8484.000 |
|     4 |   0 |   3 |   0 |   1 |   0 | GET    | /api/player/competition/9fa52af4/ranking      |  0.004 |  0.032 |   0.088 |  0.022 |  0.032 |  0.032 |  0.032 |  0.011 |    39.000 | 14602.000 |  43746.000 | 10936.500 |
|     1 |   0 |   1 |   0 |   0 |   0 | GET    | /api/player/player/9fa52885                   |  0.020 |  0.020 |   0.020 |  0.020 |  0.020 |  0.020 |  0.020 |  0.000 |   658.000 |   658.000 |    658.000 |   658.000 |
|     1 |   0 |   1 |   0 |   0 |   0 | GET    | /api/player/player/1dae46b6a                  |  0.020 |  0.020 |   0.020 |  0.020 |  0.020 |  0.020 |  0.020 |  0.000 |   926.000 |   926.000 |    926.000 |   926.000 |
|     1 |   0 |   1 |   0 |   0 |   0 | GET    | /api/player/player/48e1770aa                  |  0.020 |  0.020 |   0.020 |  0.020 |  0.020 |  0.020 |  0.020 |  0.000 |   693.000 |   693.000 |    693.000 |   693.000 |
|     1 |   0 |   1 |   0 |   0 |   0 | GET    | /api/player/player/9fa52c8f                   |  0.020 |  0.020 |   0.020 |  0.020 |  0.020 |  0.020 |  0.020 |  0.000 |   356.000 |   356.000 |    356.000 |   356.000 |
|     1 |   0 |   1 |   0 |   0 |   0 | GET    | /api/player/player/9fa52c75                   |  0.020 |  0.020 |   0.020 |  0.020 |  0.020 |  0.020 |  0.020 |  0.000 |   356.000 |   356.000 |    356.000 |   356.000 |
|     1 |   0 |   1 |   0 |   0 |   0 | POST   | /api/organizer/competition/9fa52e16/finish    |  0.020 |  0.020 |   0.020 |  0.020 |  0.020 |  0.020 |  0.020 |  0.000 |    21.000 |    21.000 |     21.000 |    21.000 |
|     2 |   0 |   2 |   0 |   0 |   0 | GET    | /api/player/competition/9fa53a70/ranking      |  0.016 |  0.024 |   0.040 |  0.020 |  0.024 |  0.024 |  0.024 |  0.004 |  8264.000 |  8264.000 |  16528.000 |  8264.000 |
|     1 |   0 |   1 |   0 |   0 |   0 | POST   | /api/organizer/competition/9fa53a70/finish    |  0.020 |  0.020 |   0.020 |  0.020 |  0.020 |  0.020 |  0.020 |  0.000 |    21.000 |    21.000 |     21.000 |    21.000 |
|     1 |   0 |   1 |   0 |   0 |   0 | GET    | /api/player/player/3fa257275                  |  0.020 |  0.020 |   0.020 |  0.020 |  0.020 |  0.020 |  0.020 |  0.000 |   766.000 |   766.000 |    766.000 |   766.000 |
|     1 |   0 |   1 |   0 |   0 |   0 | GET    | /api/player/competition/9fa5365f/ranking      |  0.020 |  0.020 |   0.020 |  0.020 |  0.020 |  0.020 |  0.020 |  0.000 | 12647.000 | 12647.000 |  12647.000 | 12647.000 |
|     4 |   0 |   3 |   0 |   1 |   0 | GET    | /api/player/competition/9fa535e9/ranking      |  0.000 |  0.032 |   0.076 |  0.019 |  0.032 |  0.032 |  0.032 |  0.012 |    39.000 | 14517.000 |  43491.000 | 10872.750 |
|    12 |   0 |  12 |   0 |   0 |   0 | GET    | /api/player/competition/9fa52fb2/ranking      |  0.012 |  0.032 |   0.228 |  0.019 |  0.024 |  0.032 |  0.032 |  0.005 |  5103.000 |  5103.000 |  61236.000 |  5103.000 |
|     4 |   0 |   3 |   0 |   1 |   0 | GET    | /api/player/competition/9fa53f79/ranking      |  0.000 |  0.036 |   0.076 |  0.019 |  0.036 |  0.036 |  0.036 |  0.013 |    39.000 | 14504.000 |  43452.000 | 10863.000 |
|     4 |   0 |   3 |   0 |   1 |   0 | GET    | /api/player/competition/9fa52d90/ranking      |  0.008 |  0.024 |   0.072 |  0.018 |  0.024 |  0.024 |  0.024 |  0.006 |    39.000 | 14597.000 |  43731.000 | 10932.750 |
|     2 |   0 |   2 |   0 |   0 |   0 | GET    | /api/player/player/617750a2e                  |  0.008 |  0.028 |   0.036 |  0.018 |  0.028 |  0.028 |  0.028 |  0.010 |   392.000 |   490.000 |    882.000 |   441.000 |
|   112 |   0 | 101 |   0 |  11 |   0 | GET    | /api/player/competitions                      |  0.004 |  0.088 |   1.932 |  0.017 |  0.032 |  0.056 |  0.084 |  0.017 |    39.000 |  2661.000 | 112131.000 |  1001.170 |
|    86 |   0 |  86 |   0 |   0 |   0 | GET    | /api/player/competition/9fa52d2c/ranking      |  0.004 |  0.040 |   1.412 |  0.016 |  0.028 |  0.032 |  0.040 |  0.007 |  1305.000 |  1305.000 | 112230.000 |  1305.000 |
|     2 |   0 |   2 |   0 |   0 |   0 | GET    | /api/player/player/3286e5070                  |  0.012 |  0.020 |   0.032 |  0.016 |  0.020 |  0.020 |  0.020 |  0.004 |   828.000 |   828.000 |   1656.000 |   828.000 |
|     1 |   0 |   1 |   0 |   0 |   0 | GET    | /api/player/player/477cbe3cd                  |  0.016 |  0.016 |   0.016 |  0.016 |  0.016 |  0.016 |  0.016 |  0.000 |   795.000 |   795.000 |    795.000 |   795.000 |
|     1 |   0 |   1 |   0 |   0 |   0 | POST   | /api/organizer/player/5e60d557c/disqualified  |  0.016 |  0.016 |   0.016 |  0.016 |  0.016 |  0.016 |  0.016 |  0.000 |   153.000 |   153.000 |    153.000 |   153.000 |
|     1 |   0 |   1 |   0 |   0 |   0 | POST   | /api/organizer/competition/9fa5317e/finish    |  0.016 |  0.016 |   0.016 |  0.016 |  0.016 |  0.016 |  0.016 |  0.000 |    21.000 |    21.000 |     21.000 |    21.000 |
|     1 |   0 |   1 |   0 |   0 |   0 | POST   | /api/organizer/competition/9fa53cc4/finish    |  0.016 |  0.016 |   0.016 |  0.016 |  0.016 |  0.016 |  0.016 |  0.000 |    21.000 |    21.000 |     21.000 |    21.000 |
|     1 |   0 |   1 |   0 |   0 |   0 | POST   | /api/organizer/competition/9fa53ab1/finish    |  0.016 |  0.016 |   0.016 |  0.016 |  0.016 |  0.016 |  0.016 |  0.000 |    21.000 |    21.000 |     21.000 |    21.000 |
|     1 |   0 |   1 |   0 |   0 |   0 | POST   | /api/organizer/competition/9fa5278c/finish    |  0.016 |  0.016 |   0.016 |  0.016 |  0.016 |  0.016 |  0.016 |  0.000 |    21.000 |    21.000 |     21.000 |    21.000 |
|     1 |   0 |   1 |   0 |   0 |   0 | GET    | /api/player/player/391bc0427                  |  0.016 |  0.016 |   0.016 |  0.016 |  0.016 |  0.016 |  0.016 |  0.000 |   785.000 |   785.000 |    785.000 |   785.000 |
|     1 |   0 |   1 |   0 |   0 |   0 | GET    | /api/player/player/36cf000ec                  |  0.016 |  0.016 |   0.016 |  0.016 |  0.016 |  0.016 |  0.016 |  0.000 |   909.000 |   909.000 |    909.000 |   909.000 |
|     2 |   0 |   2 |   0 |   0 |   0 | GET    | /api/player/player/9fa52d4d                   |  0.016 |  0.016 |   0.032 |  0.016 |  0.016 |  0.016 |  0.016 |  0.000 |   277.000 |   372.000 |    649.000 |   324.500 |
|     1 |   0 |   1 |   0 |   0 |   0 | GET    | /api/player/player/2135e6d3e                  |  0.016 |  0.016 |   0.016 |  0.016 |  0.016 |  0.016 |  0.016 |  0.000 |   923.000 |   923.000 |    923.000 |   923.000 |
|     1 |   0 |   1 |   0 |   0 |   0 | GET    | /api/player/player/2b6948060                  |  0.016 |  0.016 |   0.016 |  0.016 |  0.016 |  0.016 |  0.016 |  0.000 |   716.000 |   716.000 |    716.000 |   716.000 |
|     1 |   0 |   1 |   0 |   0 |   0 | POST   | /api/organizer/competition/9fa53adc/finish    |  0.016 |  0.016 |   0.016 |  0.016 |  0.016 |  0.016 |  0.016 |  0.000 |    21.000 |    21.000 |     21.000 |    21.000 |
|     1 |   0 |   1 |   0 |   0 |   0 | POST   | /api/organizer/competition/9fa536b7/finish    |  0.016 |  0.016 |   0.016 |  0.016 |  0.016 |  0.016 |  0.016 |  0.000 |    21.000 |    21.000 |     21.000 |    21.000 |
|     1 |   0 |   1 |   0 |   0 |   0 | GET    | /api/player/player/9fa5283a                   |  0.016 |  0.016 |   0.016 |  0.016 |  0.016 |  0.016 |  0.016 |  0.000 |   453.000 |   453.000 |    453.000 |   453.000 |
|     4 |   0 |   3 |   0 |   1 |   0 | GET    | /api/player/competition/9fa53994/ranking      |  0.004 |  0.024 |   0.064 |  0.016 |  0.024 |  0.024 |  0.024 |  0.007 |    39.000 | 14529.000 |  43527.000 | 10881.750 |
|    74 |   0 |  74 |   0 |   0 |   0 | GET    | /api/player/competition/9fa5413c/ranking      |  0.008 |  0.076 |   1.156 |  0.016 |  0.020 |  0.032 |  0.076 |  0.009 |  2445.000 |  2445.000 | 180930.000 |  2445.000 |
|     4 |   0 |   4 |   0 |   0 |   0 | GET    | /api/player/competition/9fa52409/ranking      |  0.008 |  0.028 |   0.060 |  0.015 |  0.028 |  0.028 |  0.028 |  0.008 |   319.000 | 14459.000 |  43499.000 | 10874.750 |
|    15 |   0 |  15 |   0 |   0 |   0 | GET    | /api/player/competition/9fa53ec7/ranking      |  0.008 |  0.020 |   0.216 |  0.014 |  0.020 |  0.020 |  0.020 |  0.003 |  3063.000 |  3063.000 |  45945.000 |  3063.000 |
|     3 |   0 |   3 |   0 |   0 |   0 | GET    | /api/player/player/55b9555fc                  |  0.008 |  0.016 |   0.040 |  0.013 |  0.016 |  0.016 |  0.016 |  0.004 |   507.000 |   605.000 |   1717.000 |   572.333 |
|    18 |   0 |  18 |   0 |   0 |   0 | GET    | /api/player/competition/9fa539f9/ranking      |  0.008 |  0.020 |   0.232 |  0.013 |  0.016 |  0.020 |  0.020 |  0.003 |  2445.000 |  2445.000 |  44010.000 |  2445.000 |
|     1 |   0 |   1 |   0 |   0 |   0 | POST   | /api/organizer/competition/9fa52d91/finish    |  0.012 |  0.012 |   0.012 |  0.012 |  0.012 |  0.012 |  0.012 |  0.000 |    21.000 |    21.000 |     21.000 |    21.000 |
|     1 |   0 |   1 |   0 |   0 |   0 | GET    | /api/player/player/9fa529ec                   |  0.012 |  0.012 |   0.012 |  0.012 |  0.012 |  0.012 |  0.012 |  0.000 |   776.000 |   776.000 |    776.000 |   776.000 |
|     1 |   0 |   1 |   0 |   0 |   0 | GET    | /api/player/player/9fa52ca1                   |  0.012 |  0.012 |   0.012 |  0.012 |  0.012 |  0.012 |  0.012 |  0.000 |   261.000 |   261.000 |    261.000 |   261.000 |
|     1 |   0 |   1 |   0 |   0 |   0 | POST   | /api/organizer/competition/9fa52d2c/finish    |  0.012 |  0.012 |   0.012 |  0.012 |  0.012 |  0.012 |  0.012 |  0.000 |    21.000 |    21.000 |     21.000 |    21.000 |
|     1 |   0 |   1 |   0 |   0 |   0 | GET    | /api/player/player/9fa52d88                   |  0.012 |  0.012 |   0.012 |  0.012 |  0.012 |  0.012 |  0.012 |  0.000 |   277.000 |   277.000 |    277.000 |   277.000 |
|     1 |   0 |   1 |   0 |   0 |   0 | POST   | /api/organizer/player/62f7991a8/disqualified  |  0.012 |  0.012 |   0.012 |  0.012 |  0.012 |  0.012 |  0.012 |  0.000 |   158.000 |   158.000 |    158.000 |   158.000 |
|     1 |   0 |   1 |   0 |   0 |   0 | POST   | /api/organizer/competition/9fa535e9/finish    |  0.012 |  0.012 |   0.012 |  0.012 |  0.012 |  0.012 |  0.012 |  0.000 |    21.000 |    21.000 |     21.000 |    21.000 |
|     1 |   0 |   1 |   0 |   0 |   0 | POST   | /api/organizer/competition/9fa539f9/finish    |  0.012 |  0.012 |   0.012 |  0.012 |  0.012 |  0.012 |  0.012 |  0.000 |    21.000 |    21.000 |     21.000 |    21.000 |
|     1 |   0 |   1 |   0 |   0 |   0 | GET    | /api/player/player/5c960a2fb                  |  0.012 |  0.012 |   0.012 |  0.012 |  0.012 |  0.012 |  0.012 |  0.000 |   793.000 |   793.000 |    793.000 |   793.000 |
|     1 |   0 |   1 |   0 |   0 |   0 | POST   | /api/organizer/competition/9fa53e5e/finish    |  0.012 |  0.012 |   0.012 |  0.012 |  0.012 |  0.012 |  0.012 |  0.000 |    21.000 |    21.000 |     21.000 |    21.000 |
|     1 |   0 |   1 |   0 |   0 |   0 | POST   | /api/organizer/player/624043837/disqualified  |  0.012 |  0.012 |   0.012 |  0.012 |  0.012 |  0.012 |  0.012 |  0.000 |   154.000 |   154.000 |    154.000 |   154.000 |
|     1 |   0 |   1 |   0 |   0 |   0 | POST   | /api/organizer/competition/9fa5278b/finish    |  0.012 |  0.012 |   0.012 |  0.012 |  0.012 |  0.012 |  0.012 |  0.000 |    21.000 |    21.000 |     21.000 |    21.000 |
|     1 |   0 |   1 |   0 |   0 |   0 | POST   | /api/organizer/competition/9fa52cbd/finish    |  0.012 |  0.012 |   0.012 |  0.012 |  0.012 |  0.012 |  0.012 |  0.000 |    21.000 |    21.000 |     21.000 |    21.000 |
|     1 |   0 |   1 |   0 |   0 |   0 | POST   | /api/organizer/competition/9fa53994/finish    |  0.012 |  0.012 |   0.012 |  0.012 |  0.012 |  0.012 |  0.012 |  0.000 |    21.000 |    21.000 |     21.000 |    21.000 |
|     1 |   0 |   1 |   0 |   0 |   0 | POST   | /api/organizer/player/61ee38146/disqualified  |  0.012 |  0.012 |   0.012 |  0.012 |  0.012 |  0.012 |  0.012 |  0.000 |   155.000 |   155.000 |    155.000 |   155.000 |
|     1 |   0 |   1 |   0 |   0 |   0 | POST   | /api/organizer/competition/9fa53ec7/finish    |  0.012 |  0.012 |   0.012 |  0.012 |  0.012 |  0.012 |  0.012 |  0.000 |    21.000 |    21.000 |     21.000 |    21.000 |
|     1 |   0 |   1 |   0 |   0 |   0 | POST   | /api/organizer/competition/9fa53c7a/finish    |  0.012 |  0.012 |   0.012 |  0.012 |  0.012 |  0.012 |  0.012 |  0.000 |    21.000 |    21.000 |     21.000 |    21.000 |
|     1 |   0 |   1 |   0 |   0 |   0 | POST   | /api/organizer/competition/9fa5413c/finish    |  0.012 |  0.012 |   0.012 |  0.012 |  0.012 |  0.012 |  0.012 |  0.000 |    21.000 |    21.000 |     21.000 |    21.000 |
|     1 |   0 |   1 |   0 |   0 |   0 | POST   | /api/organizer/competition/9fa53367/finish    |  0.012 |  0.012 |   0.012 |  0.012 |  0.012 |  0.012 |  0.012 |  0.000 |    21.000 |    21.000 |     21.000 |    21.000 |
|     1 |   0 |   1 |   0 |   0 |   0 | POST   | /api/organizer/player/62bb7cec9/disqualified  |  0.012 |  0.012 |   0.012 |  0.012 |  0.012 |  0.012 |  0.012 |  0.000 |   157.000 |   157.000 |    157.000 |   157.000 |
|     1 |   0 |   1 |   0 |   0 |   0 | POST   | /api/organizer/competition/9fa53285/finish    |  0.012 |  0.012 |   0.012 |  0.012 |  0.012 |  0.012 |  0.012 |  0.000 |    21.000 |    21.000 |     21.000 |    21.000 |
|     1 |   0 |   1 |   0 |   0 |   0 | GET    | /api/player/player/3b9c9772d                  |  0.012 |  0.012 |   0.012 |  0.012 |  0.012 |  0.012 |  0.012 |  0.000 |   805.000 |   805.000 |    805.000 |   805.000 |
|     1 |   0 |   1 |   0 |   0 |   0 | POST   | /api/organizer/player/61f5b979c/disqualified  |  0.012 |  0.012 |   0.012 |  0.012 |  0.012 |  0.012 |  0.012 |  0.000 |   152.000 |   152.000 |    152.000 |   152.000 |
|     1 |   0 |   1 |   0 |   0 |   0 | GET    | /api/player/player/58e1d6ed7                  |  0.012 |  0.012 |   0.012 |  0.012 |  0.012 |  0.012 |  0.012 |  0.000 |   585.000 |   585.000 |    585.000 |   585.000 |
|     1 |   0 |   1 |   0 |   0 |   0 | GET    | /api/player/player/52feabf45                  |  0.012 |  0.012 |   0.012 |  0.012 |  0.012 |  0.012 |  0.012 |  0.000 |   694.000 |   694.000 |    694.000 |   694.000 |
|     1 |   0 |   1 |   0 |   0 |   0 | POST   | /api/organizer/player/6327da9e5/disqualified  |  0.012 |  0.012 |   0.012 |  0.012 |  0.012 |  0.012 |  0.012 |  0.000 |   163.000 |   163.000 |    163.000 |   163.000 |
|    25 |   0 |  25 |   0 |   0 |   0 | GET    | /api/organizer/players                        |  0.004 |  0.024 |   0.200 |  0.008 |  0.016 |  0.020 |  0.024 |  0.005 |  3088.000 | 71642.000 | 507583.000 | 20303.320 |
|     2 |   0 |   2 |   0 |   0 |   0 | GET    | /api/player/player/9fa5292b                   |  0.004 |  0.012 |   0.016 |  0.008 |  0.012 |  0.012 |  0.012 |  0.004 |   774.000 |   774.000 |   1548.000 |   774.000 |
|     1 |   0 |   1 |   0 |   0 |   0 | GET    | /api/player/player/48b09e2c9                  |  0.008 |  0.008 |   0.008 |  0.008 |  0.008 |  0.008 |  0.008 |  0.000 |   890.000 |   890.000 |    890.000 |   890.000 |
|     1 |   0 |   1 |   0 |   0 |   0 | POST   | /api/organizer/competition/9fa5365f/finish    |  0.008 |  0.008 |   0.008 |  0.008 |  0.008 |  0.008 |  0.008 |  0.000 |    21.000 |    21.000 |     21.000 |    21.000 |
|     1 |   0 |   1 |   0 |   0 |   0 | POST   | /api/organizer/competition/9fa53520/finish    |  0.008 |  0.008 |   0.008 |  0.008 |  0.008 |  0.008 |  0.008 |  0.000 |    21.000 |    21.000 |     21.000 |    21.000 |
|     1 |   0 |   1 |   0 |   0 |   0 | POST   | /api/organizer/competition/9fa52d90/finish    |  0.008 |  0.008 |   0.008 |  0.008 |  0.008 |  0.008 |  0.008 |  0.000 |    21.000 |    21.000 |     21.000 |    21.000 |
|     1 |   0 |   1 |   0 |   0 |   0 | POST   | /api/organizer/competition/9fa52535/finish    |  0.008 |  0.008 |   0.008 |  0.008 |  0.008 |  0.008 |  0.008 |  0.000 |    21.000 |    21.000 |     21.000 |    21.000 |
|     1 |   0 |   1 |   0 |   0 |   0 | GET    | /api/player/player/9fa52a54                   |  0.008 |  0.008 |   0.008 |  0.008 |  0.008 |  0.008 |  0.008 |  0.000 |   675.000 |   675.000 |    675.000 |   675.000 |
|     1 |   0 |   1 |   0 |   0 |   0 | POST   | /api/organizer/competition/9fa52fb2/finish    |  0.008 |  0.008 |   0.008 |  0.008 |  0.008 |  0.008 |  0.008 |  0.000 |    21.000 |    21.000 |     21.000 |    21.000 |
|     1 |   0 |   1 |   0 |   0 |   0 | POST   | /api/organizer/competition/9fa53adb/finish    |  0.008 |  0.008 |   0.008 |  0.008 |  0.008 |  0.008 |  0.008 |  0.000 |    21.000 |    21.000 |     21.000 |    21.000 |
|     1 |   0 |   1 |   0 |   0 |   0 | POST   | /api/organizer/player/9fa5252e/disqualified   |  0.008 |  0.008 |   0.008 |  0.008 |  0.008 |  0.008 |  0.008 |  0.000 |   157.000 |   157.000 |    157.000 |   157.000 |
|     1 |   0 |   1 |   0 |   0 |   0 | GET    | /api/player/player/9fa52806                   |  0.008 |  0.008 |   0.008 |  0.008 |  0.008 |  0.008 |  0.008 |  0.000 |   658.000 |   658.000 |    658.000 |   658.000 |
|     1 |   0 |   1 |   0 |   0 |   0 | POST   | /api/organizer/player/62b1bdcb2/disqualified  |  0.008 |  0.008 |   0.008 |  0.008 |  0.008 |  0.008 |  0.008 |  0.000 |   158.000 |   158.000 |    158.000 |   158.000 |
|     1 |   0 |   1 |   0 |   0 |   0 | POST   | /api/organizer/player/622d04c25/disqualified  |  0.008 |  0.008 |   0.008 |  0.008 |  0.008 |  0.008 |  0.008 |  0.000 |   160.000 |   160.000 |    160.000 |   160.000 |
|     1 |   0 |   1 |   0 |   0 |   0 | POST   | /api/organizer/competition/9fa52a85/finish    |  0.008 |  0.008 |   0.008 |  0.008 |  0.008 |  0.008 |  0.008 |  0.000 |    21.000 |    21.000 |     21.000 |    21.000 |
|     1 |   0 |   1 |   0 |   0 |   0 | POST   | /api/organizer/competition/9fa52a5e/finish    |  0.008 |  0.008 |   0.008 |  0.008 |  0.008 |  0.008 |  0.008 |  0.000 |    21.000 |    21.000 |     21.000 |    21.000 |
|     1 |   0 |   1 |   0 |   0 |   0 | POST   | /api/organizer/player/616e39f7a/disqualified  |  0.008 |  0.008 |   0.008 |  0.008 |  0.008 |  0.008 |  0.008 |  0.000 |   159.000 |   159.000 |    159.000 |   159.000 |
|     1 |   0 |   1 |   0 |   0 |   0 | POST   | /api/organizer/player/9fa5251f/disqualified   |  0.008 |  0.008 |   0.008 |  0.008 |  0.008 |  0.008 |  0.008 |  0.000 |   157.000 |   157.000 |    157.000 |   157.000 |
|     1 |   0 |   1 |   0 |   0 |   0 | POST   | /api/organizer/competition/9fa52af4/finish    |  0.008 |  0.008 |   0.008 |  0.008 |  0.008 |  0.008 |  0.008 |  0.000 |    21.000 |    21.000 |     21.000 |    21.000 |
|     1 |   0 |   1 |   0 |   0 |   0 | POST   | /api/organizer/competition/9fa53119/finish    |  0.008 |  0.008 |   0.008 |  0.008 |  0.008 |  0.008 |  0.008 |  0.000 |    21.000 |    21.000 |     21.000 |    21.000 |
|     1 |   0 |   1 |   0 |   0 |   0 | POST   | /api/organizer/competition/9fa5323b/finish    |  0.008 |  0.008 |   0.008 |  0.008 |  0.008 |  0.008 |  0.008 |  0.000 |    21.000 |    21.000 |     21.000 |    21.000 |
|     1 |   0 |   1 |   0 |   0 |   0 | POST   | /api/organizer/player/6390347c4/disqualified  |  0.008 |  0.008 |   0.008 |  0.008 |  0.008 |  0.008 |  0.008 |  0.000 |   149.000 |   149.000 |    149.000 |   149.000 |
|     1 |   0 |   1 |   0 |   0 |   0 | POST   | /api/organizer/competition/9fa52525/finish    |  0.008 |  0.008 |   0.008 |  0.008 |  0.008 |  0.008 |  0.008 |  0.000 |    21.000 |    21.000 |     21.000 |    21.000 |
|     4 |   0 |   3 |   0 |   1 |   0 | GET    | /api/player/competition/9fa53adb/ranking      |  0.000 |  0.012 |   0.028 |  0.007 |  0.012 |  0.012 |  0.012 |  0.004 |    39.000 |  2925.000 |   8796.000 |  2199.000 |
|     3 |   0 |   3 |   0 |   0 |   0 | GET    | /api/player/player/9fa52a05                   |  0.004 |  0.008 |   0.020 |  0.007 |  0.008 |  0.008 |  0.008 |  0.002 |   469.000 |   776.000 |   1804.000 |   601.333 |
|     2 |   0 |   2 |   0 |   0 |   0 | GET    | /api/player/player/9fa5294b                   |  0.004 |  0.008 |   0.012 |  0.006 |  0.008 |  0.008 |  0.008 |  0.002 |   374.000 |   559.000 |    933.000 |   466.500 |
|     1 |   0 |   1 |   0 |   0 |   0 | GET    | /api/player/player/9fa52a26                   |  0.004 |  0.004 |   0.004 |  0.004 |  0.004 |  0.004 |  0.004 |  0.000 |   282.000 |   282.000 |    282.000 |   282.000 |
|     1 |   0 |   1 |   0 |   0 |   0 | GET    | /api/player/player/9fa527e7                   |  0.004 |  0.004 |   0.004 |  0.004 |  0.004 |  0.004 |  0.004 |  0.000 |   759.000 |   759.000 |    759.000 |   759.000 |
|     1 |   0 |   1 |   0 |   0 |   0 | GET    | /api/player/player/9fa528c1                   |  0.004 |  0.004 |   0.004 |  0.004 |  0.004 |  0.004 |  0.004 |  0.000 |   358.000 |   358.000 |    358.000 |   358.000 |
|     1 |   0 |   1 |   0 |   0 |   0 | GET    | /api/player/player/9fa52a5c                   |  0.004 |  0.004 |   0.004 |  0.004 |  0.004 |  0.004 |  0.004 |  0.000 |   373.000 |   373.000 |    373.000 |   373.000 |
|     1 |   0 |   1 |   0 |   0 |   0 | GET    | /api/player/player/9fa52417                   |  0.004 |  0.004 |   0.004 |  0.004 |  0.004 |  0.004 |  0.004 |  0.000 |   271.000 |   271.000 |    271.000 |   271.000 |
|     1 |   0 |   0 |   0 |   1 |   0 | GET    | /api/player/competition/9fa52535/ranking      |  0.004 |  0.004 |   0.004 |  0.004 |  0.004 |  0.004 |  0.004 |  0.000 |    39.000 |    39.000 |     39.000 |    39.000 |
|     1 |   0 |   1 |   0 |   0 |   0 | GET    | /api/player/player/9fa52962                   |  0.004 |  0.004 |   0.004 |  0.004 |  0.004 |  0.004 |  0.004 |  0.000 |   559.000 |   559.000 |    559.000 |   559.000 |
|     1 |   0 |   0 |   0 |   1 |   0 | POST   | /api/organizer/competition/0000000000/score   |  0.004 |  0.004 |   0.004 |  0.004 |  0.004 |  0.004 |  0.004 |  0.000 |    39.000 |    39.000 |     39.000 |    39.000 |
|     1 |   0 |   1 |   0 |   0 |   0 | GET    | /api/player/player/9fa52a2a                   |  0.004 |  0.004 |   0.004 |  0.004 |  0.004 |  0.004 |  0.004 |  0.000 |   559.000 |   559.000 |    559.000 |   559.000 |
|     2 |   0 |   2 |   0 |   0 |   0 | GET    | /api/player/player/9fa52a23                   |  0.004 |  0.004 |   0.008 |  0.004 |  0.004 |  0.004 |  0.004 |  0.000 |   559.000 |   675.000 |   1234.000 |   617.000 |
|     1 |   0 |   1 |   0 |   0 |   0 | GET    | /api/player/player/9fa527fc                   |  0.004 |  0.004 |   0.004 |  0.004 |  0.004 |  0.004 |  0.004 |  0.000 |   453.000 |   453.000 |    453.000 |   453.000 |
|     1 |   0 |   1 |   0 |   0 |   0 | GET    | /api/player/player/9fa529c3                   |  0.004 |  0.004 |   0.004 |  0.004 |  0.004 |  0.004 |  0.004 |  0.000 |   559.000 |   559.000 |    559.000 |   559.000 |
|     1 |   0 |   1 |   0 |   0 |   0 | GET    | /api/player/player/57d1d523c                  |  0.004 |  0.004 |   0.004 |  0.004 |  0.004 |  0.004 |  0.004 |  0.000 |   599.000 |   599.000 |    599.000 |   599.000 |
|     4 |   0 |   0 |   0 |   4 |   0 | POST   | /api/organizer/competition/9fa52535/score     |  0.004 |  0.004 |   0.008 |  0.002 |  0.004 |  0.004 |  0.004 |  0.002 |    39.000 |    62.000 |    179.000 |    44.750 |
|     2 |   0 |   2 |   0 |   0 |   0 | GET    | /api/player/player/9fa5246d                   |  0.004 |  0.004 |   0.004 |  0.002 |  0.004 |  0.004 |  0.004 |  0.002 |   271.000 |   271.000 |    542.000 |   271.000 |
|     1 |   0 |   1 |   0 |   0 |   0 | GET    | /api/player/player/9fa52a1d                   |  0.000 |  0.000 |   0.000 |  0.000 |  0.000 |  0.000 |  0.000 |  0.000 |   468.000 |   468.000 |    468.000 |   468.000 |
|     1 |   0 |   1 |   0 |   0 |   0 | GET    | /api/player/player/9fa52922                   |  0.000 |  0.000 |   0.000 |  0.000 |  0.000 |  0.000 |  0.000 |  0.000 |   374.000 |   374.000 |    374.000 |   374.000 |
|     1 |   0 |   0 |   0 |   1 |   0 | GET    | /api/player/player/0000000000                 |  0.000 |  0.000 |   0.000 |  0.000 |  0.000 |  0.000 |  0.000 |  0.000 |    39.000 |    39.000 |     39.000 |    39.000 |
|     1 |   0 |   1 |   0 |   0 |   0 | GET    | /api/player/player/9fa52903                   |  0.000 |  0.000 |   0.000 |  0.000 |  0.000 |  0.000 |  0.000 |  0.000 |   358.000 |   358.000 |    358.000 |   358.000 |
|     1 |   0 |   0 |   0 |   1 |   0 | GET    | /api/player/competition/0000000000/ranking    |  0.000 |  0.000 |   0.000 |  0.000 |  0.000 |  0.000 |  0.000 |  0.000 |    39.000 |    39.000 |     39.000 |    39.000 |
|     1 |   0 |   0 |   0 |   1 |   0 | POST   | /api/organizer/competition/0000000000/finish  |  0.000 |  0.000 |   0.000 |  0.000 |  0.000 |  0.000 |  0.000 |  0.000 |    39.000 |    39.000 |     39.000 |    39.000 |
|     1 |   0 |   1 |   0 |   0 |   0 | GET    | /api/organizer/competitions                   |  0.000 |  0.000 |   0.000 |  0.000 |  0.000 |  0.000 |  0.000 |  0.000 |   177.000 |   177.000 |    177.000 |   177.000 |
|     1 |   0 |   1 |   0 |   0 |   0 | GET    | /css/app.83b4c321.css                         |  0.000 |  0.000 |   0.000 |  0.000 |  0.000 |  0.000 |  0.000 |  0.000 |  4868.000 |  4868.000 |   4868.000 |  4868.000 |
|     1 |   0 |   1 |   0 |   0 |   0 | GET    | /js/app.3a4ec98c.js                           |  0.000 |  0.000 |   0.000 |  0.000 |  0.000 |  0.000 |  0.000 |  0.000 | 33294.000 | 33294.000 |  33294.000 | 33294.000 |
|     1 |   0 |   1 |   0 |   0 |   0 | GET    | /index.html                                   |  0.000 |  0.000 |   0.000 |  0.000 |  0.000 |  0.000 |  0.000 |  0.000 |   479.000 |   479.000 |    479.000 |   479.000 |
|     1 |   0 |   1 |   0 |   0 |   0 | GET    | /api/player/player/9fa52a17                   |  0.000 |  0.000 |   0.000 |  0.000 |  0.000 |  0.000 |  0.000 |  0.000 |   469.000 |   469.000 |    469.000 |   469.000 |
|     1 |   0 |   0 |   0 |   1 |   0 | POST   | /api/organizer/player/0000000000/disqualified |  0.000 |  0.000 |   0.000 |  0.000 |  0.000 |  0.000 |  0.000 |  0.000 |    39.000 |    39.000 |     39.000 |    39.000 |
+-------+-----+-----+-----+-----+-----+--------+-----------------------------------------------+--------+--------+---------+--------+--------+--------+--------+--------+-----------+-----------+------------+-----------+
