+-------+-----+-----+-----+-----+-----+--------+---------------------------------+-------+--------+----------+-------+-------+-------+--------+--------+-----------+------------+-------------+-----------+
| COUNT | 1XX | 2XX | 3XX | 4XX | 5XX | METHOD |               URI               |  MIN  |  MAX   |   SUM    |  AVG  |  P90  |  P95  |  P99   | STDDEV | MIN(BODY) | MAX(BODY)  |  SUM(BODY)  | AVG(BODY) |
+-------+-----+-----+-----+-----+-----+--------+---------------------------------+-------+--------+----------+-------+-------+-------+--------+--------+-----------+------------+-------------+-----------+
|     9 |   0 |   9 |   0 |   0 |   0 | POST   | /api/organizer/players/add      | 1.916 |  5.788 |   34.512 | 3.835 | 5.788 | 5.788 |  5.788 |  1.387 | 12150.000 |  24700.000 |  160927.000 | 17880.778 |
|    25 |   0 |  24 |   0 |   1 |   0 | GET    | /api/admin/tenants/billing      | 0.004 | 24.880 |   83.188 | 3.328 | 5.200 | 6.880 | 24.880 |  4.661 |     0.000 |   1557.000 |   34702.000 |  1388.080 |
|     1 |   0 |   1 |   0 |   0 |   0 | POST   | /initialize                     | 2.508 |  2.508 |    2.508 | 2.508 | 2.508 | 2.508 |  2.508 |  0.000 |    55.000 |     55.000 |      55.000 |    55.000 |
|   807 |   0 | 751 |   0 |  56 |   0 | GET    | /api/player/competition/        | 0.012 | 15.364 | 1384.888 | 1.716 | 6.748 | 7.608 | 15.100 |  3.246 |     0.000 |  14608.000 | 6386668.000 |  7914.087 |
|   103 |   0 |  94 |   0 |   9 |   0 | POST   | /api/organizer/competition/     | 0.008 | 14.924 |  164.620 | 1.598 | 4.256 | 6.772 | 11.176 |  2.469 |     0.000 |     62.000 |    3981.000 |    38.650 |
|   597 |   0 | 560 |   0 |  37 |   0 | GET    | /api/player/player/             | 0.004 | 15.324 |  869.364 | 1.456 | 6.424 | 7.384 | 14.964 |  3.124 |     0.000 |   2157.000 |  505499.000 |   846.732 |
|    23 |   0 |  22 |   0 |   1 |   0 | GET    | /api/organizer/billing          | 0.004 |  0.228 |    1.064 | 0.046 | 0.104 | 0.152 |  0.228 |  0.054 |     0.000 |   5484.000 |   45396.000 |  1973.739 |
|    12 |   0 |   7 |   0 |   5 |   0 | POST   | /api/admin/tenants/add          | 0.004 |  0.092 |    0.460 | 0.038 | 0.076 | 0.092 |  0.092 |  0.032 |    39.000 |    196.000 |    1479.000 |   123.250 |
|    45 |   0 |  44 |   0 |   1 |   0 | POST   | /api/organizer/competitions/add | 0.004 |  0.100 |    1.320 | 0.029 | 0.044 | 0.048 |  0.100 |  0.015 |    39.000 |    177.000 |    7202.000 |   160.044 |
|   128 |   0 | 117 |   0 |  11 |   0 | GET    | /api/player/competitions        | 0.008 |  0.056 |    2.452 | 0.019 | 0.040 | 0.052 |  0.056 |  0.016 |    39.000 |   2664.000 |  169551.000 |  1324.617 |
|    14 |   0 |  13 |   0 |   1 |   0 | POST   | /api/organizer/player/          | 0.008 |  0.016 |    0.148 | 0.011 | 0.016 | 0.016 |  0.016 |  0.004 |    39.000 |    165.000 |    2060.000 |   147.143 |
|    30 |   0 |  30 |   0 |   0 |   0 | GET    | /api/organizer/players          | 0.004 |  0.032 |    0.276 | 0.009 | 0.020 | 0.028 |  0.032 |  0.008 |  2466.000 | 602067.000 | 1111863.000 | 37062.100 |
|     1 |   0 |   1 |   0 |   0 |   0 | GET    | /js/app.3a4ec98c.js             | 0.000 |  0.000 |    0.000 | 0.000 | 0.000 | 0.000 |  0.000 |  0.000 | 33294.000 |  33294.000 |   33294.000 | 33294.000 |
|     1 |   0 |   1 |   0 |   0 |   0 | GET    | /index.html                     | 0.000 |  0.000 |    0.000 | 0.000 | 0.000 | 0.000 |  0.000 |  0.000 |   479.000 |    479.000 |     479.000 |   479.000 |
|     1 |   0 |   1 |   0 |   0 |   0 | GET    | /css/app.83b4c321.css           | 0.000 |  0.000 |    0.000 | 0.000 | 0.000 | 0.000 |  0.000 |  0.000 |  4868.000 |   4868.000 |    4868.000 |  4868.000 |
|     1 |   0 |   1 |   0 |   0 |   0 | GET    | /api/organizer/competitions     | 0.000 |  0.000 |    0.000 | 0.000 | 0.000 | 0.000 |  0.000 |  0.000 |   177.000 |    177.000 |     177.000 |   177.000 |
+-------+-----+-----+-----+-----+-----+--------+---------------------------------+-------+--------+----------+-------+-------+-------+--------+--------+-----------+------------+-------------+-----------+
