+-------+-----+-----+-----+-----+-----+--------+---------------------------------+-------+--------+----------+-------+-------+--------+--------+--------+-----------+-----------+-------------+-----------+
| COUNT | 1XX | 2XX | 3XX | 4XX | 5XX | METHOD |               URI               |  MIN  |  MAX   |   SUM    |  AVG  |  P90  |  P95   |  P99   | STDDEV | MIN(BODY) | MAX(BODY) |  SUM(BODY)  | AVG(BODY) |
+-------+-----+-----+-----+-----+-----+--------+---------------------------------+-------+--------+----------+-------+-------+--------+--------+--------+-----------+-----------+-------------+-----------+
|    21 |   0 |  20 |   0 |   1 |   0 | GET    | /api/admin/tenants/billing      | 0.856 | 20.800 |   85.173 | 4.056 | 7.700 | 11.432 | 20.800 |  4.408 |     0.000 |  1563.000 |   30317.000 |  1443.667 |
|     1 |   0 |   1 |   0 |   0 |   0 | POST   | /initialize                     | 3.088 |  3.088 |    3.088 | 3.088 | 3.088 |  3.088 |  3.088 |  0.000 |    55.000 |    55.000 |      55.000 |    55.000 |
|   556 |   0 | 524 |   0 |  32 |   0 | GET    | /api/player/player/             | 0.004 | 19.696 | 1158.400 | 2.083 | 6.380 |  8.708 | 19.400 |  4.038 |     0.000 |  2117.000 |  471209.000 |   847.498 |
|   102 |   0 |  95 |   0 |   7 |   0 | POST   | /api/organizer/competition/     | 0.004 | 18.076 |  172.092 | 1.687 | 5.432 |  6.488 | 13.293 |  2.787 |     0.000 |    62.000 |    4065.000 |    39.853 |
|   829 |   0 | 811 |   0 |  18 |   0 | GET    | /api/player/competition/        | 0.004 | 19.712 | 1378.016 | 1.662 | 6.445 |  7.728 | 18.880 |  3.592 |     0.000 | 17271.000 | 7982543.000 |  9629.123 |
|    23 |   0 |  22 |   0 |   1 |   0 | GET    | /api/organizer/billing          | 0.004 |  3.948 |    5.676 | 0.247 | 0.376 |  0.592 |  3.948 |  0.801 |     0.000 |  4128.000 |   38410.000 |  1670.000 |
|    11 |   0 |   6 |   0 |   5 |   0 | POST   | /api/admin/tenants/add          | 0.004 |  0.088 |    0.420 | 0.038 | 0.068 |  0.088 |  0.088 |  0.031 |    39.000 |   196.000 |    1301.000 |   118.273 |
|     8 |   0 |   8 |   0 |   0 |   0 | POST   | /api/organizer/players/add      | 0.012 |  0.104 |    0.276 | 0.035 | 0.104 |  0.104 |  0.104 |  0.027 | 14950.000 | 31980.000 |  181279.000 | 22659.875 |
|    44 |   0 |  43 |   0 |   1 |   0 | POST   | /api/organizer/competitions/add | 0.004 |  0.088 |    1.248 | 0.028 | 0.052 |  0.064 |  0.088 |  0.016 |    39.000 |   177.000 |    6956.000 |   158.091 |
|   119 |   0 | 107 |   0 |  12 |   0 | GET    | /api/player/competitions        | 0.008 |  0.056 |    1.912 | 0.016 | 0.036 |  0.044 |  0.044 |  0.013 |    39.000 |  2654.000 |  140293.000 |  1178.933 |
|    15 |   0 |  14 |   0 |   1 |   0 | POST   | /api/organizer/player/          | 0.008 |  0.020 |    0.176 | 0.012 | 0.020 |  0.020 |  0.020 |  0.004 |    39.000 |   185.000 |    2290.000 |   152.667 |
|    29 |   0 |  29 |   0 |   0 |   0 | GET    | /api/organizer/players          | 0.004 |  0.056 |    0.244 | 0.008 | 0.016 |  0.020 |  0.056 |  0.010 |  3088.000 | 96431.000 |  599581.000 | 20675.207 |
|     1 |   0 |   1 |   0 |   0 |   0 | GET    | /css/app.83b4c321.css           | 0.000 |  0.000 |    0.000 | 0.000 | 0.000 |  0.000 |  0.000 |  0.000 |  4868.000 |  4868.000 |    4868.000 |  4868.000 |
|     1 |   0 |   1 |   0 |   0 |   0 | GET    | /js/app.3a4ec98c.js             | 0.000 |  0.000 |    0.000 | 0.000 | 0.000 |  0.000 |  0.000 |  0.000 | 33294.000 | 33294.000 |   33294.000 | 33294.000 |
|     1 |   0 |   1 |   0 |   0 |   0 | GET    | /index.html                     | 0.000 |  0.000 |    0.000 | 0.000 | 0.000 |  0.000 |  0.000 |  0.000 |   479.000 |   479.000 |     479.000 |   479.000 |
|     1 |   0 |   1 |   0 |   0 |   0 | GET    | /api/organizer/competitions     | 0.000 |  0.000 |    0.000 | 0.000 | 0.000 |  0.000 |  0.000 |  0.000 |   177.000 |   177.000 |     177.000 |   177.000 |
+-------+-----+-----+-----+-----+-----+--------+---------------------------------+-------+--------+----------+-------+-------+--------+--------+--------+-----------+-----------+-------------+-----------+
